mode: atomic
github.com/longhorn/longhorn-spdk-engine/pkg/api/types.go:43.45,44.14 1 0
github.com/longhorn/longhorn-spdk-engine/pkg/api/types.go:44.14,46.3 1 0
github.com/longhorn/longhorn-spdk-engine/pkg/api/types.go:47.2,57.3 1 0
github.com/longhorn/longhorn-spdk-engine/pkg/api/types.go:60.45,61.14 1 0
github.com/longhorn/longhorn-spdk-engine/pkg/api/types.go:61.14,63.3 1 0
github.com/longhorn/longhorn-spdk-engine/pkg/api/types.go:64.2,74.3 1 0
github.com/longhorn/longhorn-spdk-engine/pkg/api/types.go:77.57,93.51 2 0
github.com/longhorn/longhorn-spdk-engine/pkg/api/types.go:93.51,95.3 1 0
github.com/longhorn/longhorn-spdk-engine/pkg/api/types.go:97.2,97.12 1 0
github.com/longhorn/longhorn-spdk-engine/pkg/api/types.go:100.57,102.42 2 0
github.com/longhorn/longhorn-spdk-engine/pkg/api/types.go:102.42,104.3 1 0
github.com/longhorn/longhorn-spdk-engine/pkg/api/types.go:106.2,120.3 1 0
github.com/longhorn/longhorn-spdk-engine/pkg/api/types.go:142.53,161.44 2 0
github.com/longhorn/longhorn-spdk-engine/pkg/api/types.go:161.44,163.3 1 0
github.com/longhorn/longhorn-spdk-engine/pkg/api/types.go:164.2,164.55 1 0
github.com/longhorn/longhorn-spdk-engine/pkg/api/types.go:164.55,166.3 1 0
github.com/longhorn/longhorn-spdk-engine/pkg/api/types.go:168.2,168.12 1 0
github.com/longhorn/longhorn-spdk-engine/pkg/api/types.go:189.85,193.2 1 0
github.com/longhorn/longhorn-spdk-engine/pkg/api/types.go:195.56,197.2 1 0
github.com/longhorn/longhorn-spdk-engine/pkg/api/types.go:203.82,207.2 1 0
github.com/longhorn/longhorn-spdk-engine/pkg/api/types.go:209.55,211.2 1 0
github.com/longhorn/longhorn-spdk-engine/pkg/spdk/disk/aio/aio.go:21.13,24.2 2 0
github.com/longhorn/longhorn-spdk-engine/pkg/spdk/disk/aio/aio.go:26.128,27.67 1 0
github.com/longhorn/longhorn-spdk-engine/pkg/spdk/disk/aio/aio.go:27.67,29.3 1 0
github.com/longhorn/longhorn-spdk-engine/pkg/spdk/disk/aio/aio.go:31.2,31.64 1 0
github.com/longhorn/longhorn-spdk-engine/pkg/spdk/disk/aio/aio.go:34.120,36.2 1 0
github.com/longhorn/longhorn-spdk-engine/pkg/spdk/disk/aio/aio.go:38.137,40.2 1 0
github.com/longhorn/longhorn-spdk-engine/pkg/spdk/disk/aio/aio.go:42.81,44.16 2 0
github.com/longhorn/longhorn-spdk-engine/pkg/spdk/disk/aio/aio.go:44.16,46.3 1 0
github.com/longhorn/longhorn-spdk-engine/pkg/spdk/disk/aio/aio.go:47.2,47.9 1 0
github.com/longhorn/longhorn-spdk-engine/pkg/spdk/disk/aio/aio.go:47.9,49.3 1 0
github.com/longhorn/longhorn-spdk-engine/pkg/spdk/disk/aio/aio.go:51.2,52.16 2 0
github.com/longhorn/longhorn-spdk-engine/pkg/spdk/disk/aio/aio.go:52.16,54.3 1 0
github.com/longhorn/longhorn-spdk-engine/pkg/spdk/disk/aio/aio.go:55.2,55.15 1 0
github.com/longhorn/longhorn-spdk-engine/pkg/spdk/disk/aio/aio.go:55.15,57.3 1 0
github.com/longhorn/longhorn-spdk-engine/pkg/spdk/disk/aio/aio.go:58.2,58.12 1 0
github.com/longhorn/longhorn-spdk-engine/pkg/spdk/disk/aio/aio.go:61.52,63.16 2 0
github.com/longhorn/longhorn-spdk-engine/pkg/spdk/disk/aio/aio.go:63.16,65.3 1 0
github.com/longhorn/longhorn-spdk-engine/pkg/spdk/disk/aio/aio.go:66.2,69.16 3 0
github.com/longhorn/longhorn-spdk-engine/pkg/spdk/disk/aio/aio.go:69.16,71.3 1 0
github.com/longhorn/longhorn-spdk-engine/pkg/spdk/disk/aio/aio.go:72.2,72.17 1 0
github.com/longhorn/longhorn-spdk-engine/pkg/spdk/disk/driver.go:22.13,24.2 1 0
github.com/longhorn/longhorn-spdk-engine/pkg/spdk/disk/driver.go:26.60,28.2 1 0
github.com/longhorn/longhorn-spdk-engine/pkg/spdk/disk/driver.go:30.121,32.9 2 0
github.com/longhorn/longhorn-spdk-engine/pkg/spdk/disk/driver.go:32.9,34.3 1 0
github.com/longhorn/longhorn-spdk-engine/pkg/spdk/disk/driver.go:36.2,36.69 1 0
github.com/longhorn/longhorn-spdk-engine/pkg/spdk/disk/driver.go:39.101,41.9 2 0
github.com/longhorn/longhorn-spdk-engine/pkg/spdk/disk/driver.go:41.9,43.3 1 0
github.com/longhorn/longhorn-spdk-engine/pkg/spdk/disk/driver.go:45.2,45.58 1 0
github.com/longhorn/longhorn-spdk-engine/pkg/spdk/disk/driver.go:48.130,49.22 1 0
github.com/longhorn/longhorn-spdk-engine/pkg/spdk/disk/driver.go:49.22,50.23 1 0
github.com/longhorn/longhorn-spdk-engine/pkg/spdk/disk/driver.go:50.23,52.4 1 0
github.com/longhorn/longhorn-spdk-engine/pkg/spdk/disk/driver.go:53.3,54.17 2 0
github.com/longhorn/longhorn-spdk-engine/pkg/spdk/disk/driver.go:54.17,56.4 1 0
github.com/longhorn/longhorn-spdk-engine/pkg/spdk/disk/driver.go:57.3,58.30 2 0
github.com/longhorn/longhorn-spdk-engine/pkg/spdk/disk/driver.go:58.30,59.34 1 0
github.com/longhorn/longhorn-spdk-engine/pkg/spdk/disk/driver.go:59.34,60.13 1 0
github.com/longhorn/longhorn-spdk-engine/pkg/spdk/disk/driver.go:62.4,62.39 1 0
github.com/longhorn/longhorn-spdk-engine/pkg/spdk/disk/driver.go:62.39,63.30 1 0
github.com/longhorn/longhorn-spdk-engine/pkg/spdk/disk/driver.go:63.30,65.6 1 0
github.com/longhorn/longhorn-spdk-engine/pkg/spdk/disk/driver.go:66.10,68.32 2 0
github.com/longhorn/longhorn-spdk-engine/pkg/spdk/disk/driver.go:68.32,69.37 1 0
github.com/longhorn/longhorn-spdk-engine/pkg/spdk/disk/driver.go:69.37,71.7 1 0
github.com/longhorn/longhorn-spdk-engine/pkg/spdk/disk/driver.go:75.3,75.25 1 0
github.com/longhorn/longhorn-spdk-engine/pkg/spdk/disk/driver.go:78.2,79.9 2 0
github.com/longhorn/longhorn-spdk-engine/pkg/spdk/disk/driver.go:79.9,81.3 1 0
github.com/longhorn/longhorn-spdk-engine/pkg/spdk/disk/driver.go:83.2,83.64 1 0
github.com/longhorn/longhorn-spdk-engine/pkg/spdk/disk/types.go:34.109,35.26 1 0
github.com/longhorn/longhorn-spdk-engine/pkg/spdk/disk/types.go:35.26,37.3 1 0
github.com/longhorn/longhorn-spdk-engine/pkg/spdk/disk/types.go:39.2,39.56 1 0
github.com/longhorn/longhorn-spdk-engine/pkg/spdk/disk/types.go:42.105,44.16 2 0
github.com/longhorn/longhorn-spdk-engine/pkg/spdk/disk/types.go:44.16,46.3 1 0
github.com/longhorn/longhorn-spdk-engine/pkg/spdk/disk/types.go:48.2,49.16 2 0
github.com/longhorn/longhorn-spdk-engine/pkg/spdk/disk/types.go:49.16,51.3 1 0
github.com/longhorn/longhorn-spdk-engine/pkg/spdk/disk/types.go:53.2,53.20 1 0
github.com/longhorn/longhorn-spdk-engine/pkg/spdk/disk/types.go:54.34,56.71 2 0
github.com/longhorn/longhorn-spdk-engine/pkg/spdk/disk/types.go:56.71,58.18 2 0
github.com/longhorn/longhorn-spdk-engine/pkg/spdk/disk/types.go:58.18,60.5 1 0
github.com/longhorn/longhorn-spdk-engine/pkg/spdk/disk/types.go:61.4,61.46 1 0
github.com/longhorn/longhorn-spdk-engine/pkg/spdk/disk/types.go:63.3,63.48 1 0
github.com/longhorn/longhorn-spdk-engine/pkg/spdk/disk/types.go:64.128,65.25 1 0
github.com/longhorn/longhorn-spdk-engine/pkg/spdk/disk/types.go:66.10,67.106 1 0
github.com/longhorn/longhorn-spdk-engine/pkg/spdk/disk/types.go:71.108,81.27 1 0
github.com/longhorn/longhorn-spdk-engine/pkg/spdk/disk/types.go:82.42,83.41 1 0
github.com/longhorn/longhorn-spdk-engine/pkg/spdk/disk/types.go:84.47,86.17 2 0
github.com/longhorn/longhorn-spdk-engine/pkg/spdk/disk/types.go:86.17,88.4 1 0
github.com/longhorn/longhorn-spdk-engine/pkg/spdk/disk/types.go:90.3,90.154 1 0
github.com/longhorn/longhorn-spdk-engine/pkg/spdk/disk/types.go:90.154,92.79 2 0
github.com/longhorn/longhorn-spdk-engine/pkg/spdk/disk/types.go:92.79,94.5 1 0
github.com/longhorn/longhorn-spdk-engine/pkg/spdk/disk/types.go:95.4,95.26 1 0
github.com/longhorn/longhorn-spdk-engine/pkg/spdk/disk/types.go:98.3,98.124 1 0
github.com/longhorn/longhorn-spdk-engine/pkg/spdk/disk/types.go:99.10,100.124 1 0
github.com/longhorn/longhorn-spdk-engine/pkg/spdk/disk/types.go:104.111,105.20 1 0
github.com/longhorn/longhorn-spdk-engine/pkg/spdk/disk/types.go:106.61,107.40 1 0
github.com/longhorn/longhorn-spdk-engine/pkg/spdk/disk/types.go:108.10,109.117 1 0
github.com/longhorn/longhorn-spdk-engine/pkg/spdk/disk/types.go:113.30,117.2 3 0
github.com/longhorn/longhorn-spdk-engine/pkg/spdk/disk/nvme/nvme.go:21.13,24.2 2 0
github.com/longhorn/longhorn-spdk-engine/pkg/spdk/disk/nvme/nvme.go:26.129,29.16 2 0
github.com/longhorn/longhorn-spdk-engine/pkg/spdk/disk/nvme/nvme.go:29.16,31.3 1 0
github.com/longhorn/longhorn-spdk-engine/pkg/spdk/disk/nvme/nvme.go:33.2,34.16 2 0
github.com/longhorn/longhorn-spdk-engine/pkg/spdk/disk/nvme/nvme.go:34.16,36.3 1 0
github.com/longhorn/longhorn-spdk-engine/pkg/spdk/disk/nvme/nvme.go:38.2,41.16 2 0
github.com/longhorn/longhorn-spdk-engine/pkg/spdk/disk/nvme/nvme.go:41.16,43.3 1 0
github.com/longhorn/longhorn-spdk-engine/pkg/spdk/disk/nvme/nvme.go:44.2,44.21 1 0
github.com/longhorn/longhorn-spdk-engine/pkg/spdk/disk/nvme/nvme.go:44.21,46.3 1 0
github.com/longhorn/longhorn-spdk-engine/pkg/spdk/disk/nvme/nvme.go:47.2,47.22 1 0
github.com/longhorn/longhorn-spdk-engine/pkg/spdk/disk/nvme/nvme.go:50.121,52.16 2 0
github.com/longhorn/longhorn-spdk-engine/pkg/spdk/disk/nvme/nvme.go:52.16,54.3 1 0
github.com/longhorn/longhorn-spdk-engine/pkg/spdk/disk/nvme/nvme.go:56.2,57.16 2 0
github.com/longhorn/longhorn-spdk-engine/pkg/spdk/disk/nvme/nvme.go:57.16,58.51 1 0
github.com/longhorn/longhorn-spdk-engine/pkg/spdk/disk/nvme/nvme.go:58.51,60.4 1 0
github.com/longhorn/longhorn-spdk-engine/pkg/spdk/disk/nvme/nvme.go:63.2,64.16 2 0
github.com/longhorn/longhorn-spdk-engine/pkg/spdk/disk/nvme/nvme.go:64.16,66.3 1 0
github.com/longhorn/longhorn-spdk-engine/pkg/spdk/disk/nvme/nvme.go:67.2,67.18 1 0
github.com/longhorn/longhorn-spdk-engine/pkg/spdk/disk/nvme/nvme.go:70.138,72.16 2 0
github.com/longhorn/longhorn-spdk-engine/pkg/spdk/disk/nvme/nvme.go:72.16,74.3 1 0
github.com/longhorn/longhorn-spdk-engine/pkg/spdk/disk/nvme/nvme.go:75.2,76.29 2 0
github.com/longhorn/longhorn-spdk-engine/pkg/spdk/disk/nvme/nvme.go:76.29,77.33 1 0
github.com/longhorn/longhorn-spdk-engine/pkg/spdk/disk/nvme/nvme.go:77.33,78.12 1 0
github.com/longhorn/longhorn-spdk-engine/pkg/spdk/disk/nvme/nvme.go:80.3,80.38 1 0
github.com/longhorn/longhorn-spdk-engine/pkg/spdk/disk/nvme/nvme.go:80.38,81.12 1 0
github.com/longhorn/longhorn-spdk-engine/pkg/spdk/disk/nvme/nvme.go:83.3,84.30 2 0
github.com/longhorn/longhorn-spdk-engine/pkg/spdk/disk/nvme/nvme.go:84.30,85.35 1 0
github.com/longhorn/longhorn-spdk-engine/pkg/spdk/disk/nvme/nvme.go:85.35,88.5 2 0
github.com/longhorn/longhorn-spdk-engine/pkg/spdk/disk/nvme/nvme.go:91.2,91.24 1 0
github.com/longhorn/longhorn-spdk-engine/pkg/client/client.go:18.44,19.17 1 0
github.com/longhorn/longhorn-spdk-engine/pkg/client/client.go:19.17,20.38 1 0
github.com/longhorn/longhorn-spdk-engine/pkg/client/client.go:20.38,22.4 1 0
github.com/longhorn/longhorn-spdk-engine/pkg/client/client.go:23.3,23.13 1 0
github.com/longhorn/longhorn-spdk-engine/pkg/client/client.go:25.2,25.12 1 0
github.com/longhorn/longhorn-spdk-engine/pkg/client/client.go:28.71,30.2 1 0
github.com/longhorn/longhorn-spdk-engine/pkg/client/client.go:32.60,33.79 1 0
github.com/longhorn/longhorn-spdk-engine/pkg/client/client.go:33.79,35.17 2 0
github.com/longhorn/longhorn-spdk-engine/pkg/client/client.go:35.17,37.4 1 0
github.com/longhorn/longhorn-spdk-engine/pkg/client/client.go:39.3,42.9 1 0
github.com/longhorn/longhorn-spdk-engine/pkg/client/client.go:45.2,46.16 2 0
github.com/longhorn/longhorn-spdk-engine/pkg/client/client.go:46.16,48.3 1 0
github.com/longhorn/longhorn-spdk-engine/pkg/client/client.go:50.2,53.8 1 0
github.com/longhorn/longhorn-spdk-engine/pkg/client/client.go:56.144,57.50 1 0
github.com/longhorn/longhorn-spdk-engine/pkg/client/client.go:57.50,59.3 1 0
github.com/longhorn/longhorn-spdk-engine/pkg/client/client.go:61.2,73.16 5 0
github.com/longhorn/longhorn-spdk-engine/pkg/client/client.go:73.16,75.3 1 0
github.com/longhorn/longhorn-spdk-engine/pkg/client/client.go:77.2,77.45 1 0
github.com/longhorn/longhorn-spdk-engine/pkg/client/client.go:80.77,81.16 1 0
github.com/longhorn/longhorn-spdk-engine/pkg/client/client.go:81.16,83.3 1 0
github.com/longhorn/longhorn-spdk-engine/pkg/client/client.go:85.2,93.68 5 0
github.com/longhorn/longhorn-spdk-engine/pkg/client/client.go:96.68,97.16 1 0
github.com/longhorn/longhorn-spdk-engine/pkg/client/client.go:97.16,99.3 1 0
github.com/longhorn/longhorn-spdk-engine/pkg/client/client.go:101.2,108.16 5 0
github.com/longhorn/longhorn-spdk-engine/pkg/client/client.go:108.16,110.3 1 0
github.com/longhorn/longhorn-spdk-engine/pkg/client/client.go:111.2,111.45 1 0
github.com/longhorn/longhorn-spdk-engine/pkg/client/client.go:114.69,120.16 5 0
github.com/longhorn/longhorn-spdk-engine/pkg/client/client.go:120.16,122.3 1 0
github.com/longhorn/longhorn-spdk-engine/pkg/client/client.go:124.2,125.44 2 0
github.com/longhorn/longhorn-spdk-engine/pkg/client/client.go:125.44,127.3 1 0
github.com/longhorn/longhorn-spdk-engine/pkg/client/client.go:128.2,128.17 1 0
github.com/longhorn/longhorn-spdk-engine/pkg/client/client.go:131.84,134.16 3 0
github.com/longhorn/longhorn-spdk-engine/pkg/client/client.go:134.16,136.3 1 0
github.com/longhorn/longhorn-spdk-engine/pkg/client/client.go:138.2,138.42 1 0
github.com/longhorn/longhorn-spdk-engine/pkg/client/client.go:141.104,142.53 1 0
github.com/longhorn/longhorn-spdk-engine/pkg/client/client.go:142.53,144.3 1 0
github.com/longhorn/longhorn-spdk-engine/pkg/client/client.go:146.2,159.94 6 0
github.com/longhorn/longhorn-spdk-engine/pkg/client/client.go:162.77,163.38 1 0
github.com/longhorn/longhorn-spdk-engine/pkg/client/client.go:163.38,165.3 1 0
github.com/longhorn/longhorn-spdk-engine/pkg/client/client.go:167.2,175.94 5 0
github.com/longhorn/longhorn-spdk-engine/pkg/client/client.go:178.77,179.38 1 0
github.com/longhorn/longhorn-spdk-engine/pkg/client/client.go:179.38,181.3 1 0
github.com/longhorn/longhorn-spdk-engine/pkg/client/client.go:183.2,191.94 5 0
github.com/longhorn/longhorn-spdk-engine/pkg/client/client.go:194.119,195.26 1 0
github.com/longhorn/longhorn-spdk-engine/pkg/client/client.go:195.26,197.3 1 0
github.com/longhorn/longhorn-spdk-engine/pkg/client/client.go:198.2,198.60 1 0
github.com/longhorn/longhorn-spdk-engine/pkg/client/client.go:198.60,200.3 1 0
github.com/longhorn/longhorn-spdk-engine/pkg/client/client.go:202.2,211.129 5 0
github.com/longhorn/longhorn-spdk-engine/pkg/client/client.go:214.94,215.26 1 0
github.com/longhorn/longhorn-spdk-engine/pkg/client/client.go:215.26,217.3 1 0
github.com/longhorn/longhorn-spdk-engine/pkg/client/client.go:218.2,218.26 1 0
github.com/longhorn/longhorn-spdk-engine/pkg/client/client.go:218.26,220.3 1 0
github.com/longhorn/longhorn-spdk-engine/pkg/client/client.go:222.2,230.130 5 0
github.com/longhorn/longhorn-spdk-engine/pkg/client/client.go:233.120,234.26 1 0
github.com/longhorn/longhorn-spdk-engine/pkg/client/client.go:234.26,236.3 1 0
github.com/longhorn/longhorn-spdk-engine/pkg/client/client.go:237.2,237.60 1 0
github.com/longhorn/longhorn-spdk-engine/pkg/client/client.go:237.60,239.3 1 0
github.com/longhorn/longhorn-spdk-engine/pkg/client/client.go:241.2,250.130 5 0
github.com/longhorn/longhorn-spdk-engine/pkg/client/client.go:253.94,254.26 1 0
github.com/longhorn/longhorn-spdk-engine/pkg/client/client.go:254.26,256.3 1 0
github.com/longhorn/longhorn-spdk-engine/pkg/client/client.go:257.2,257.26 1 0
github.com/longhorn/longhorn-spdk-engine/pkg/client/client.go:257.26,259.3 1 0
github.com/longhorn/longhorn-spdk-engine/pkg/client/client.go:261.2,269.130 5 0
github.com/longhorn/longhorn-spdk-engine/pkg/client/client.go:272.92,273.48 1 0
github.com/longhorn/longhorn-spdk-engine/pkg/client/client.go:273.48,275.3 1 0
github.com/longhorn/longhorn-spdk-engine/pkg/client/client.go:277.2,285.114 5 0
github.com/longhorn/longhorn-spdk-engine/pkg/client/client.go:291.134,292.23 1 0
github.com/longhorn/longhorn-spdk-engine/pkg/client/client.go:292.23,294.3 1 0
github.com/longhorn/longhorn-spdk-engine/pkg/client/client.go:296.2,304.16 5 0
github.com/longhorn/longhorn-spdk-engine/pkg/client/client.go:304.16,306.3 1 0
github.com/longhorn/longhorn-spdk-engine/pkg/client/client.go:307.2,307.26 1 0
github.com/longhorn/longhorn-spdk-engine/pkg/client/client.go:310.98,311.23 1 0
github.com/longhorn/longhorn-spdk-engine/pkg/client/client.go:311.23,313.3 1 0
github.com/longhorn/longhorn-spdk-engine/pkg/client/client.go:315.2,323.85 5 0
github.com/longhorn/longhorn-spdk-engine/pkg/client/client.go:326.117,327.53 1 0
github.com/longhorn/longhorn-spdk-engine/pkg/client/client.go:327.53,329.3 1 0
github.com/longhorn/longhorn-spdk-engine/pkg/client/client.go:331.2,343.109 6 0
github.com/longhorn/longhorn-spdk-engine/pkg/client/client.go:346.90,347.38 1 0
github.com/longhorn/longhorn-spdk-engine/pkg/client/client.go:347.38,349.3 1 0
github.com/longhorn/longhorn-spdk-engine/pkg/client/client.go:351.2,359.109 5 0
github.com/longhorn/longhorn-spdk-engine/pkg/client/client.go:363.85,364.67 1 0
github.com/longhorn/longhorn-spdk-engine/pkg/client/client.go:364.67,366.3 1 0
github.com/longhorn/longhorn-spdk-engine/pkg/client/client.go:368.2,383.16 5 0
github.com/longhorn/longhorn-spdk-engine/pkg/client/client.go:383.16,385.3 1 0
github.com/longhorn/longhorn-spdk-engine/pkg/client/client.go:387.2,387.43 1 0
github.com/longhorn/longhorn-spdk-engine/pkg/client/client.go:390.54,391.16 1 0
github.com/longhorn/longhorn-spdk-engine/pkg/client/client.go:391.16,393.3 1 0
github.com/longhorn/longhorn-spdk-engine/pkg/client/client.go:395.2,402.67 5 0
github.com/longhorn/longhorn-spdk-engine/pkg/client/client.go:405.66,406.16 1 0
github.com/longhorn/longhorn-spdk-engine/pkg/client/client.go:406.16,408.3 1 0
github.com/longhorn/longhorn-spdk-engine/pkg/client/client.go:410.2,417.16 5 0
github.com/longhorn/longhorn-spdk-engine/pkg/client/client.go:417.16,419.3 1 0
github.com/longhorn/longhorn-spdk-engine/pkg/client/client.go:420.2,420.43 1 0
github.com/longhorn/longhorn-spdk-engine/pkg/client/client.go:423.55,424.16 1 0
github.com/longhorn/longhorn-spdk-engine/pkg/client/client.go:424.16,426.3 1 0
github.com/longhorn/longhorn-spdk-engine/pkg/client/client.go:428.2,435.16 5 0
github.com/longhorn/longhorn-spdk-engine/pkg/client/client.go:435.16,437.3 1 0
github.com/longhorn/longhorn-spdk-engine/pkg/client/client.go:438.2,438.12 1 0
github.com/longhorn/longhorn-spdk-engine/pkg/client/client.go:441.54,442.16 1 0
github.com/longhorn/longhorn-spdk-engine/pkg/client/client.go:442.16,444.3 1 0
github.com/longhorn/longhorn-spdk-engine/pkg/client/client.go:446.2,453.16 5 0
github.com/longhorn/longhorn-spdk-engine/pkg/client/client.go:453.16,455.3 1 0
github.com/longhorn/longhorn-spdk-engine/pkg/client/client.go:456.2,456.12 1 0
github.com/longhorn/longhorn-spdk-engine/pkg/client/client.go:459.79,460.16 1 0
github.com/longhorn/longhorn-spdk-engine/pkg/client/client.go:460.16,462.3 1 0
github.com/longhorn/longhorn-spdk-engine/pkg/client/client.go:464.2,472.16 5 0
github.com/longhorn/longhorn-spdk-engine/pkg/client/client.go:472.16,474.3 1 0
github.com/longhorn/longhorn-spdk-engine/pkg/client/client.go:475.2,475.12 1 0
github.com/longhorn/longhorn-spdk-engine/pkg/client/client.go:478.60,479.16 1 0
github.com/longhorn/longhorn-spdk-engine/pkg/client/client.go:479.16,481.3 1 0
github.com/longhorn/longhorn-spdk-engine/pkg/client/client.go:483.2,490.16 5 0
github.com/longhorn/longhorn-spdk-engine/pkg/client/client.go:490.16,492.3 1 0
github.com/longhorn/longhorn-spdk-engine/pkg/client/client.go:493.2,493.12 1 0
github.com/longhorn/longhorn-spdk-engine/pkg/client/client.go:496.67,502.16 5 0
github.com/longhorn/longhorn-spdk-engine/pkg/client/client.go:502.16,504.3 1 0
github.com/longhorn/longhorn-spdk-engine/pkg/client/client.go:506.2,507.42 2 0
github.com/longhorn/longhorn-spdk-engine/pkg/client/client.go:507.42,509.3 1 0
github.com/longhorn/longhorn-spdk-engine/pkg/client/client.go:510.2,510.17 1 0
github.com/longhorn/longhorn-spdk-engine/pkg/client/client.go:513.82,516.16 3 0
github.com/longhorn/longhorn-spdk-engine/pkg/client/client.go:516.16,518.3 1 0
github.com/longhorn/longhorn-spdk-engine/pkg/client/client.go:520.2,520.41 1 0
github.com/longhorn/longhorn-spdk-engine/pkg/client/client.go:523.86,524.16 1 0
github.com/longhorn/longhorn-spdk-engine/pkg/client/client.go:524.16,526.3 1 0
github.com/longhorn/longhorn-spdk-engine/pkg/client/client.go:528.2,536.16 5 0
github.com/longhorn/longhorn-spdk-engine/pkg/client/client.go:536.16,538.3 1 0
github.com/longhorn/longhorn-spdk-engine/pkg/client/client.go:539.2,539.31 1 0
github.com/longhorn/longhorn-spdk-engine/pkg/client/client.go:542.76,543.38 1 0
github.com/longhorn/longhorn-spdk-engine/pkg/client/client.go:543.38,545.3 1 0
github.com/longhorn/longhorn-spdk-engine/pkg/client/client.go:547.2,555.93 5 0
github.com/longhorn/longhorn-spdk-engine/pkg/client/client.go:558.76,559.38 1 0
github.com/longhorn/longhorn-spdk-engine/pkg/client/client.go:559.38,561.3 1 0
github.com/longhorn/longhorn-spdk-engine/pkg/client/client.go:563.2,571.93 5 0
github.com/longhorn/longhorn-spdk-engine/pkg/client/client.go:574.93,575.22 1 0
github.com/longhorn/longhorn-spdk-engine/pkg/client/client.go:575.22,577.3 1 0
github.com/longhorn/longhorn-spdk-engine/pkg/client/client.go:578.2,578.47 1 0
github.com/longhorn/longhorn-spdk-engine/pkg/client/client.go:578.47,580.3 1 0
github.com/longhorn/longhorn-spdk-engine/pkg/client/client.go:582.2,591.124 5 0
github.com/longhorn/longhorn-spdk-engine/pkg/client/client.go:594.103,595.22 1 0
github.com/longhorn/longhorn-spdk-engine/pkg/client/client.go:595.22,597.3 1 0
github.com/longhorn/longhorn-spdk-engine/pkg/client/client.go:599.2,605.4 4 0
github.com/longhorn/longhorn-spdk-engine/pkg/client/client.go:608.96,609.22 1 0
github.com/longhorn/longhorn-spdk-engine/pkg/client/client.go:609.22,611.3 1 0
github.com/longhorn/longhorn-spdk-engine/pkg/client/client.go:612.2,612.47 1 0
github.com/longhorn/longhorn-spdk-engine/pkg/client/client.go:612.47,614.3 1 0
github.com/longhorn/longhorn-spdk-engine/pkg/client/client.go:616.2,625.127 5 0
github.com/longhorn/longhorn-spdk-engine/pkg/client/client.go:628.106,647.2 4 0
github.com/longhorn/longhorn-spdk-engine/pkg/client/client.go:649.107,669.2 4 0
github.com/longhorn/longhorn-spdk-engine/pkg/client/client.go:671.127,681.2 4 0
github.com/longhorn/longhorn-spdk-engine/pkg/client/client.go:683.100,691.2 4 0
github.com/longhorn/longhorn-spdk-engine/pkg/client/client.go:693.75,705.16 5 0
github.com/longhorn/longhorn-spdk-engine/pkg/client/client.go:705.16,707.3 1 0
github.com/longhorn/longhorn-spdk-engine/pkg/client/client.go:709.2,709.27 1 0
github.com/longhorn/longhorn-spdk-engine/pkg/client/client.go:709.27,711.3 1 0
github.com/longhorn/longhorn-spdk-engine/pkg/client/client.go:713.2,714.54 2 0
github.com/longhorn/longhorn-spdk-engine/pkg/client/client.go:714.54,717.3 2 0
github.com/longhorn/longhorn-spdk-engine/pkg/client/client.go:719.2,719.16 1 0
github.com/longhorn/longhorn-spdk-engine/pkg/client/client.go:722.76,735.2 5 0
github.com/longhorn/longhorn-spdk-engine/pkg/client/client.go:737.73,747.2 5 0
github.com/longhorn/longhorn-spdk-engine/pkg/client/client.go:749.101,757.2 4 0
github.com/longhorn/longhorn-spdk-engine/pkg/client/client.go:759.110,767.2 4 0
github.com/longhorn/longhorn-spdk-engine/pkg/client/client.go:771.122,772.38 1 0
github.com/longhorn/longhorn-spdk-engine/pkg/client/client.go:772.38,774.3 1 0
github.com/longhorn/longhorn-spdk-engine/pkg/client/client.go:776.2,786.4 4 0
github.com/longhorn/longhorn-spdk-engine/pkg/client/client.go:789.92,790.20 1 0
github.com/longhorn/longhorn-spdk-engine/pkg/client/client.go:790.20,792.3 1 0
github.com/longhorn/longhorn-spdk-engine/pkg/client/client.go:794.2,802.4 4 0
github.com/longhorn/longhorn-spdk-engine/pkg/client/client.go:805.88,806.38 1 0
github.com/longhorn/longhorn-spdk-engine/pkg/client/client.go:806.38,808.3 1 0
github.com/longhorn/longhorn-spdk-engine/pkg/client/client.go:810.2,820.12 5 0
github.com/longhorn/longhorn-spdk-engine/pkg/client/client.go:823.54,832.2 5 0
github.com/longhorn/longhorn-spdk-engine/pkg/client/client.go:834.54,843.2 5 0
github.com/longhorn/longhorn-spdk-engine/pkg/client/client.go:845.52,851.16 5 0
github.com/longhorn/longhorn-spdk-engine/pkg/client/client.go:851.16,853.3 1 0
github.com/longhorn/longhorn-spdk-engine/pkg/client/client.go:854.2,854.24 1 0
github.com/longhorn/longhorn-spdk-engine/pkg/client/client.go:857.52,863.16 5 0
github.com/longhorn/longhorn-spdk-engine/pkg/client/client.go:863.16,865.3 1 0
github.com/longhorn/longhorn-spdk-engine/pkg/client/client.go:866.2,866.24 1 0
github.com/longhorn/longhorn-spdk-engine/pkg/types/types.go:41.66,42.14 1 0
github.com/longhorn/longhorn-spdk-engine/pkg/types/types.go:43.14,44.32 1 0
github.com/longhorn/longhorn-spdk-engine/pkg/types/types.go:45.14,46.32 1 0
github.com/longhorn/longhorn-spdk-engine/pkg/types/types.go:47.15,48.33 1 0
github.com/longhorn/longhorn-spdk-engine/pkg/types/types.go:50.2,50.32 1 0
github.com/longhorn/longhorn-spdk-engine/pkg/types/types.go:53.73,54.21 1 0
github.com/longhorn/longhorn-spdk-engine/pkg/types/types.go:55.30,56.16 1 0
github.com/longhorn/longhorn-spdk-engine/pkg/types/types.go:57.30,58.16 1 0
github.com/longhorn/longhorn-spdk-engine/pkg/types/types.go:59.31,60.17 1 0
github.com/longhorn/longhorn-spdk-engine/pkg/types/types.go:62.2,62.16 1 0
github.com/longhorn/longhorn-spdk-engine/pkg/types/types.go:65.48,67.2 1 0
github.com/longhorn/longhorn-spdk-engine/pkg/spdk/disk/virtio-scsi/virtio-scsi.go:19.13,22.2 2 0
github.com/longhorn/longhorn-spdk-engine/pkg/spdk/disk/virtio-scsi/virtio-scsi.go:24.135,27.16 2 0
github.com/longhorn/longhorn-spdk-engine/pkg/spdk/disk/virtio-scsi/virtio-scsi.go:27.16,29.3 1 0
github.com/longhorn/longhorn-spdk-engine/pkg/spdk/disk/virtio-scsi/virtio-scsi.go:31.2,32.16 2 0
github.com/longhorn/longhorn-spdk-engine/pkg/spdk/disk/virtio-scsi/virtio-scsi.go:32.16,34.3 1 0
github.com/longhorn/longhorn-spdk-engine/pkg/spdk/disk/virtio-scsi/virtio-scsi.go:36.2,37.16 2 0
github.com/longhorn/longhorn-spdk-engine/pkg/spdk/disk/virtio-scsi/virtio-scsi.go:37.16,39.3 1 0
github.com/longhorn/longhorn-spdk-engine/pkg/spdk/disk/virtio-scsi/virtio-scsi.go:40.2,40.21 1 0
github.com/longhorn/longhorn-spdk-engine/pkg/spdk/disk/virtio-scsi/virtio-scsi.go:40.21,42.3 1 0
github.com/longhorn/longhorn-spdk-engine/pkg/spdk/disk/virtio-scsi/virtio-scsi.go:43.2,43.22 1 0
github.com/longhorn/longhorn-spdk-engine/pkg/spdk/disk/virtio-scsi/virtio-scsi.go:46.127,48.16 2 0
github.com/longhorn/longhorn-spdk-engine/pkg/spdk/disk/virtio-scsi/virtio-scsi.go:48.16,50.3 1 0
github.com/longhorn/longhorn-spdk-engine/pkg/spdk/disk/virtio-scsi/virtio-scsi.go:52.2,53.16 2 0
github.com/longhorn/longhorn-spdk-engine/pkg/spdk/disk/virtio-scsi/virtio-scsi.go:53.16,54.51 1 0
github.com/longhorn/longhorn-spdk-engine/pkg/spdk/disk/virtio-scsi/virtio-scsi.go:54.51,56.4 1 0
github.com/longhorn/longhorn-spdk-engine/pkg/spdk/disk/virtio-scsi/virtio-scsi.go:59.2,60.16 2 0
github.com/longhorn/longhorn-spdk-engine/pkg/spdk/disk/virtio-scsi/virtio-scsi.go:60.16,62.3 1 0
github.com/longhorn/longhorn-spdk-engine/pkg/spdk/disk/virtio-scsi/virtio-scsi.go:63.2,63.18 1 0
github.com/longhorn/longhorn-spdk-engine/pkg/spdk/disk/virtio-scsi/virtio-scsi.go:66.144,68.2 1 0
github.com/longhorn/longhorn-spdk-engine/pkg/spdk/disk/virtio-blk/virtio-blk.go:19.13,22.2 2 0
github.com/longhorn/longhorn-spdk-engine/pkg/spdk/disk/virtio-blk/virtio-blk.go:24.134,27.16 2 0
github.com/longhorn/longhorn-spdk-engine/pkg/spdk/disk/virtio-blk/virtio-blk.go:27.16,29.3 1 0
github.com/longhorn/longhorn-spdk-engine/pkg/spdk/disk/virtio-blk/virtio-blk.go:31.2,32.16 2 0
github.com/longhorn/longhorn-spdk-engine/pkg/spdk/disk/virtio-blk/virtio-blk.go:32.16,34.3 1 0
github.com/longhorn/longhorn-spdk-engine/pkg/spdk/disk/virtio-blk/virtio-blk.go:36.2,37.16 2 0
github.com/longhorn/longhorn-spdk-engine/pkg/spdk/disk/virtio-blk/virtio-blk.go:37.16,39.3 1 0
github.com/longhorn/longhorn-spdk-engine/pkg/spdk/disk/virtio-blk/virtio-blk.go:40.2,40.21 1 0
github.com/longhorn/longhorn-spdk-engine/pkg/spdk/disk/virtio-blk/virtio-blk.go:40.21,42.3 1 0
github.com/longhorn/longhorn-spdk-engine/pkg/spdk/disk/virtio-blk/virtio-blk.go:43.2,43.22 1 0
github.com/longhorn/longhorn-spdk-engine/pkg/spdk/disk/virtio-blk/virtio-blk.go:46.126,48.16 2 0
github.com/longhorn/longhorn-spdk-engine/pkg/spdk/disk/virtio-blk/virtio-blk.go:48.16,50.3 1 0
github.com/longhorn/longhorn-spdk-engine/pkg/spdk/disk/virtio-blk/virtio-blk.go:52.2,53.16 2 0
github.com/longhorn/longhorn-spdk-engine/pkg/spdk/disk/virtio-blk/virtio-blk.go:53.16,54.51 1 0
github.com/longhorn/longhorn-spdk-engine/pkg/spdk/disk/virtio-blk/virtio-blk.go:54.51,56.4 1 0
github.com/longhorn/longhorn-spdk-engine/pkg/spdk/disk/virtio-blk/virtio-blk.go:59.2,60.16 2 0
github.com/longhorn/longhorn-spdk-engine/pkg/spdk/disk/virtio-blk/virtio-blk.go:60.16,62.3 1 0
github.com/longhorn/longhorn-spdk-engine/pkg/spdk/disk/virtio-blk/virtio-blk.go:63.2,63.18 1 0
github.com/longhorn/longhorn-spdk-engine/pkg/spdk/disk/virtio-blk/virtio-blk.go:66.143,68.2 1 0
github.com/longhorn/longhorn-spdk-engine/pkg/util/broadcaster/broadcaster.go:16.103,20.16 3 0
github.com/longhorn/longhorn-spdk-engine/pkg/util/broadcaster/broadcaster.go:20.16,21.42 1 0
github.com/longhorn/longhorn-spdk-engine/pkg/util/broadcaster/broadcaster.go:21.42,23.4 1 0
github.com/longhorn/longhorn-spdk-engine/pkg/util/broadcaster/broadcaster.go:26.2,27.19 2 0
github.com/longhorn/longhorn-spdk-engine/pkg/util/broadcaster/broadcaster.go:27.19,29.3 1 0
github.com/longhorn/longhorn-spdk-engine/pkg/util/broadcaster/broadcaster.go:30.2,31.12 2 0
github.com/longhorn/longhorn-spdk-engine/pkg/util/broadcaster/broadcaster.go:31.12,34.3 2 0
github.com/longhorn/longhorn-spdk-engine/pkg/util/broadcaster/broadcaster.go:36.2,36.17 1 0
github.com/longhorn/longhorn-spdk-engine/pkg/util/broadcaster/broadcaster.go:39.62,40.10 1 0
github.com/longhorn/longhorn-spdk-engine/pkg/util/broadcaster/broadcaster.go:40.10,42.3 1 0
github.com/longhorn/longhorn-spdk-engine/pkg/util/broadcaster/broadcaster.go:43.2,43.30 1 0
github.com/longhorn/longhorn-spdk-engine/pkg/util/broadcaster/broadcaster.go:43.30,46.3 2 0
github.com/longhorn/longhorn-spdk-engine/pkg/util/broadcaster/broadcaster.go:47.2,47.10 1 0
github.com/longhorn/longhorn-spdk-engine/pkg/util/broadcaster/broadcaster.go:47.10,49.3 1 0
github.com/longhorn/longhorn-spdk-engine/pkg/util/broadcaster/broadcaster.go:52.56,54.16 2 0
github.com/longhorn/longhorn-spdk-engine/pkg/util/broadcaster/broadcaster.go:54.16,56.3 1 0
github.com/longhorn/longhorn-spdk-engine/pkg/util/broadcaster/broadcaster.go:58.2,60.12 3 0
github.com/longhorn/longhorn-spdk-engine/pkg/util/broadcaster/broadcaster.go:63.54,64.26 1 0
github.com/longhorn/longhorn-spdk-engine/pkg/util/broadcaster/broadcaster.go:64.26,66.27 2 0
github.com/longhorn/longhorn-spdk-engine/pkg/util/broadcaster/broadcaster.go:66.27,67.11 1 0
github.com/longhorn/longhorn-spdk-engine/pkg/util/broadcaster/broadcaster.go:68.21,68.21 0 0
github.com/longhorn/longhorn-spdk-engine/pkg/util/broadcaster/broadcaster.go:69.12,71.26 1 0
github.com/longhorn/longhorn-spdk-engine/pkg/util/broadcaster/broadcaster.go:74.3,74.13 1 0
github.com/longhorn/longhorn-spdk-engine/pkg/util/broadcaster/broadcaster.go:77.2,78.26 2 0
github.com/longhorn/longhorn-spdk-engine/pkg/util/broadcaster/broadcaster.go:78.26,80.3 1 0
github.com/longhorn/longhorn-spdk-engine/pkg/util/broadcaster/broadcaster.go:81.2,82.12 2 0
github.com/longhorn/longhorn-spdk-engine/pkg/util/bitmap.go:18.42,21.14 3 1
github.com/longhorn/longhorn-spdk-engine/pkg/util/bitmap.go:21.14,23.3 1 1
github.com/longhorn/longhorn-spdk-engine/pkg/util/bitmap.go:24.2,29.3 1 1
github.com/longhorn/longhorn-spdk-engine/pkg/util/bitmap.go:32.67,36.16 3 7
github.com/longhorn/longhorn-spdk-engine/pkg/util/bitmap.go:36.16,38.3 1 0
github.com/longhorn/longhorn-spdk-engine/pkg/util/bitmap.go:39.2,41.23 3 7
github.com/longhorn/longhorn-spdk-engine/pkg/util/bitmap.go:41.23,44.34 3 7
github.com/longhorn/longhorn-spdk-engine/pkg/util/bitmap.go:44.34,46.16 1 119
github.com/longhorn/longhorn-spdk-engine/pkg/util/bitmap.go:46.16,50.13 4 6
github.com/longhorn/longhorn-spdk-engine/pkg/util/bitmap.go:52.4,54.21 2 113
github.com/longhorn/longhorn-spdk-engine/pkg/util/bitmap.go:54.21,55.10 1 0
github.com/longhorn/longhorn-spdk-engine/pkg/util/bitmap.go:57.4,58.13 2 113
github.com/longhorn/longhorn-spdk-engine/pkg/util/bitmap.go:60.3,60.19 1 7
github.com/longhorn/longhorn-spdk-engine/pkg/util/bitmap.go:60.19,61.9 1 5
github.com/longhorn/longhorn-spdk-engine/pkg/util/bitmap.go:63.3,63.19 1 2
github.com/longhorn/longhorn-spdk-engine/pkg/util/bitmap.go:63.19,65.4 1 2
github.com/longhorn/longhorn-spdk-engine/pkg/util/bitmap.go:67.2,69.44 3 5
github.com/longhorn/longhorn-spdk-engine/pkg/util/bitmap.go:72.55,76.30 3 2
github.com/longhorn/longhorn-spdk-engine/pkg/util/bitmap.go:76.30,78.3 1 0
github.com/longhorn/longhorn-spdk-engine/pkg/util/bitmap.go:79.2,81.34 3 2
github.com/longhorn/longhorn-spdk-engine/pkg/util/bitmap.go:81.34,83.3 1 0
github.com/longhorn/longhorn-spdk-engine/pkg/util/bitmap.go:84.2,85.12 2 2
github.com/longhorn/longhorn-spdk-engine/pkg/util/block.go:18.52,20.16 2 0
github.com/longhorn/longhorn-spdk-engine/pkg/util/block.go:20.16,22.3 1 0
github.com/longhorn/longhorn-spdk-engine/pkg/util/block.go:24.2,26.16 3 0
github.com/longhorn/longhorn-spdk-engine/pkg/util/block.go:26.16,28.3 1 0
github.com/longhorn/longhorn-spdk-engine/pkg/util/block.go:30.2,31.30 2 0
github.com/longhorn/longhorn-spdk-engine/pkg/util/block.go:31.30,33.17 2 0
github.com/longhorn/longhorn-spdk-engine/pkg/util/block.go:33.17,35.12 2 0
github.com/longhorn/longhorn-spdk-engine/pkg/util/block.go:38.3,38.34 1 0
github.com/longhorn/longhorn-spdk-engine/pkg/util/block.go:38.34,40.4 1 0
github.com/longhorn/longhorn-spdk-engine/pkg/util/block.go:43.2,43.64 1 0
github.com/longhorn/longhorn-spdk-engine/pkg/util/block.go:63.58,65.16 2 0
github.com/longhorn/longhorn-spdk-engine/pkg/util/block.go:65.16,67.3 1 0
github.com/longhorn/longhorn-spdk-engine/pkg/util/block.go:69.2,71.16 3 0
github.com/longhorn/longhorn-spdk-engine/pkg/util/block.go:71.16,73.3 1 0
github.com/longhorn/longhorn-spdk-engine/pkg/util/block.go:75.2,77.16 3 0
github.com/longhorn/longhorn-spdk-engine/pkg/util/block.go:77.16,79.3 1 0
github.com/longhorn/longhorn-spdk-engine/pkg/util/block.go:81.2,81.41 1 0
github.com/longhorn/longhorn-spdk-engine/pkg/util/block.go:81.41,83.3 1 0
github.com/longhorn/longhorn-spdk-engine/pkg/util/block.go:85.2,87.27 3 0
github.com/longhorn/longhorn-spdk-engine/pkg/util/block.go:87.27,89.3 1 0
github.com/longhorn/longhorn-spdk-engine/pkg/util/block.go:90.2,91.16 2 0
github.com/longhorn/longhorn-spdk-engine/pkg/util/block.go:91.16,93.3 1 0
github.com/longhorn/longhorn-spdk-engine/pkg/util/block.go:94.2,95.16 2 0
github.com/longhorn/longhorn-spdk-engine/pkg/util/block.go:95.16,97.3 1 0
github.com/longhorn/longhorn-spdk-engine/pkg/util/block.go:99.2,107.8 2 0
github.com/longhorn/longhorn-spdk-engine/pkg/util/util.go:25.39,26.14 1 0
github.com/longhorn/longhorn-spdk-engine/pkg/util/util.go:26.14,28.3 1 0
github.com/longhorn/longhorn-spdk-engine/pkg/util/util.go:29.2,30.12 2 0
github.com/longhorn/longhorn-spdk-engine/pkg/util/util.go:30.12,32.3 1 0
github.com/longhorn/longhorn-spdk-engine/pkg/util/util.go:33.2,33.23 1 0
github.com/longhorn/longhorn-spdk-engine/pkg/util/util.go:41.60,44.2 2 0
github.com/longhorn/longhorn-spdk-engine/pkg/util/util.go:46.38,48.2 1 0
github.com/longhorn/longhorn-spdk-engine/pkg/util/util.go:50.47,51.37 1 0
github.com/longhorn/longhorn-spdk-engine/pkg/util/util.go:51.37,53.3 1 0
github.com/longhorn/longhorn-spdk-engine/pkg/util/util.go:54.2,54.13 1 0
github.com/longhorn/longhorn-spdk-engine/pkg/util/util.go:57.20,59.2 1 0
github.com/longhorn/longhorn-spdk-engine/pkg/util/util.go:61.49,63.40 2 0
github.com/longhorn/longhorn-spdk-engine/pkg/util/util.go:63.40,64.47 1 0
github.com/longhorn/longhorn-spdk-engine/pkg/util/util.go:64.47,66.10 2 0
github.com/longhorn/longhorn-spdk-engine/pkg/util/util.go:66.10,68.22 2 0
github.com/longhorn/longhorn-spdk-engine/pkg/util/util.go:68.22,70.6 1 0
github.com/longhorn/longhorn-spdk-engine/pkg/util/util.go:73.3,73.69 1 0
github.com/longhorn/longhorn-spdk-engine/pkg/util/util.go:75.2,75.18 1 0
github.com/longhorn/longhorn-spdk-engine/pkg/util/util.go:78.33,89.16 6 0
github.com/longhorn/longhorn-spdk-engine/pkg/util/util.go:89.16,91.3 1 0
github.com/longhorn/longhorn-spdk-engine/pkg/util/util.go:93.2,93.12 1 0
github.com/longhorn/longhorn-spdk-engine/pkg/util/util.go:96.53,98.16 2 0
github.com/longhorn/longhorn-spdk-engine/pkg/util/util.go:98.16,100.3 1 0
github.com/longhorn/longhorn-spdk-engine/pkg/util/util.go:102.2,103.36 2 0
github.com/longhorn/longhorn-spdk-engine/pkg/util/util.go:103.36,104.57 1 0
github.com/longhorn/longhorn-spdk-engine/pkg/util/util.go:104.57,106.4 1 0
github.com/longhorn/longhorn-spdk-engine/pkg/util/util.go:106.9,108.14 2 0
github.com/longhorn/longhorn-spdk-engine/pkg/util/util.go:108.14,112.5 3 0
github.com/longhorn/longhorn-spdk-engine/pkg/util/util.go:114.4,114.11 1 0
github.com/longhorn/longhorn-spdk-engine/pkg/util/util.go:115.31,118.19 3 0
github.com/longhorn/longhorn-spdk-engine/pkg/util/util.go:118.19,120.6 1 0
github.com/longhorn/longhorn-spdk-engine/pkg/util/util.go:121.23,122.19 1 0
github.com/longhorn/longhorn-spdk-engine/pkg/util/util.go:122.19,124.6 1 0
github.com/longhorn/longhorn-spdk-engine/pkg/util/util.go:124.11,126.6 1 0
github.com/longhorn/longhorn-spdk-engine/pkg/util/util.go:131.2,131.13 1 0
github.com/longhorn/longhorn-spdk-engine/pkg/util/util.go:134.79,136.16 2 0
github.com/longhorn/longhorn-spdk-engine/pkg/util/util.go:136.16,138.3 1 0
github.com/longhorn/longhorn-spdk-engine/pkg/util/util.go:139.2,141.43 2 0
github.com/longhorn/longhorn-spdk-engine/pkg/util/util.go:141.43,143.3 1 0
github.com/longhorn/longhorn-spdk-engine/pkg/util/util.go:145.2,146.48 2 0
github.com/longhorn/longhorn-spdk-engine/pkg/util/util.go:146.48,148.3 1 0
github.com/longhorn/longhorn-spdk-engine/pkg/util/util.go:150.2,150.44 1 0
github.com/longhorn/longhorn-spdk-engine/pkg/util/util.go:152.62,154.31 2 0
github.com/longhorn/longhorn-spdk-engine/pkg/util/util.go:154.31,156.19 2 0
github.com/longhorn/longhorn-spdk-engine/pkg/util/util.go:156.19,158.4 1 0
github.com/longhorn/longhorn-spdk-engine/pkg/util/util.go:159.3,161.67 3 0
github.com/longhorn/longhorn-spdk-engine/pkg/util/util.go:161.67,163.4 1 0
github.com/longhorn/longhorn-spdk-engine/pkg/util/util.go:166.3,166.18 1 0
github.com/longhorn/longhorn-spdk-engine/pkg/util/util.go:166.18,168.4 1 0
github.com/longhorn/longhorn-spdk-engine/pkg/util/util.go:169.3,169.22 1 0
github.com/longhorn/longhorn-spdk-engine/pkg/util/util.go:171.2,171.20 1 0
github.com/longhorn/longhorn-spdk-engine/pkg/util/util.go:174.19,176.2 1 0
github.com/longhorn/longhorn-spdk-engine/pkg/util/util.go:178.37,185.2 5 0
github.com/longhorn/longhorn-spdk-engine/pkg/util/util.go:187.55,188.32 1 0
github.com/longhorn/longhorn-spdk-engine/pkg/util/util.go:188.32,189.17 1 0
github.com/longhorn/longhorn-spdk-engine/pkg/util/util.go:189.17,190.21 1 0
github.com/longhorn/longhorn-spdk-engine/pkg/util/util.go:190.21,192.5 1 0
github.com/longhorn/longhorn-spdk-engine/pkg/util/util.go:192.10,194.5 1 0
github.com/longhorn/longhorn-spdk-engine/pkg/util/util.go:197.2,197.15 1 0
github.com/longhorn/longhorn-spdk-engine/pkg/util/util.go:200.30,201.11 1 0
github.com/longhorn/longhorn-spdk-engine/pkg/util/util.go:201.11,203.3 1 0
github.com/longhorn/longhorn-spdk-engine/pkg/util/util.go:204.2,204.10 1 0
github.com/longhorn/longhorn-spdk-engine/pkg/util/util.go:212.62,217.2 1 0
github.com/longhorn/longhorn-spdk-engine/pkg/util/util.go:219.38,221.2 1 0
github.com/longhorn/longhorn-spdk-engine/pkg/util/util.go:227.51,231.2 1 0
github.com/longhorn/longhorn-spdk-engine/pkg/util/util.go:233.36,235.37 2 0
github.com/longhorn/longhorn-spdk-engine/pkg/util/util.go:235.37,237.3 1 0
github.com/longhorn/longhorn-spdk-engine/pkg/util/util.go:239.2,239.17 1 0
github.com/longhorn/longhorn-spdk-engine/pkg/util/util.go:239.17,241.3 1 0
github.com/longhorn/longhorn-spdk-engine/pkg/util/util.go:242.2,242.20 1 0
github.com/longhorn/longhorn-spdk-engine/pkg/util/util.go:242.20,244.3 1 0
github.com/longhorn/longhorn-spdk-engine/pkg/util/util.go:245.2,245.33 1 0
github.com/longhorn/longhorn-spdk-engine/pkg/util/util.go:248.45,250.2 1 0
github.com/longhorn/longhorn-spdk-engine/pkg/util/util.go:252.37,254.2 1 0
github.com/longhorn/longhorn-spdk-engine/pkg/api/types.go:43.45,44.14 1 0
github.com/longhorn/longhorn-spdk-engine/pkg/api/types.go:44.14,46.3 1 0
github.com/longhorn/longhorn-spdk-engine/pkg/api/types.go:47.2,57.3 1 0
github.com/longhorn/longhorn-spdk-engine/pkg/api/types.go:60.45,61.14 1 0
github.com/longhorn/longhorn-spdk-engine/pkg/api/types.go:61.14,63.3 1 0
github.com/longhorn/longhorn-spdk-engine/pkg/api/types.go:64.2,74.3 1 0
github.com/longhorn/longhorn-spdk-engine/pkg/api/types.go:77.57,93.51 2 0
github.com/longhorn/longhorn-spdk-engine/pkg/api/types.go:93.51,95.3 1 0
github.com/longhorn/longhorn-spdk-engine/pkg/api/types.go:97.2,97.12 1 0
github.com/longhorn/longhorn-spdk-engine/pkg/api/types.go:100.57,102.42 2 0
github.com/longhorn/longhorn-spdk-engine/pkg/api/types.go:102.42,104.3 1 0
github.com/longhorn/longhorn-spdk-engine/pkg/api/types.go:106.2,120.3 1 0
github.com/longhorn/longhorn-spdk-engine/pkg/api/types.go:142.53,161.44 2 0
github.com/longhorn/longhorn-spdk-engine/pkg/api/types.go:161.44,163.3 1 0
github.com/longhorn/longhorn-spdk-engine/pkg/api/types.go:164.2,164.55 1 0
github.com/longhorn/longhorn-spdk-engine/pkg/api/types.go:164.55,166.3 1 0
github.com/longhorn/longhorn-spdk-engine/pkg/api/types.go:168.2,168.12 1 0
github.com/longhorn/longhorn-spdk-engine/pkg/api/types.go:189.85,193.2 1 0
github.com/longhorn/longhorn-spdk-engine/pkg/api/types.go:195.56,197.2 1 0
github.com/longhorn/longhorn-spdk-engine/pkg/api/types.go:203.82,207.2 1 0
github.com/longhorn/longhorn-spdk-engine/pkg/api/types.go:209.55,211.2 1 0
github.com/longhorn/longhorn-spdk-engine/pkg/client/client.go:18.44,19.17 1 0
github.com/longhorn/longhorn-spdk-engine/pkg/client/client.go:19.17,20.38 1 0
github.com/longhorn/longhorn-spdk-engine/pkg/client/client.go:20.38,22.4 1 0
github.com/longhorn/longhorn-spdk-engine/pkg/client/client.go:23.3,23.13 1 0
github.com/longhorn/longhorn-spdk-engine/pkg/client/client.go:25.2,25.12 1 0
github.com/longhorn/longhorn-spdk-engine/pkg/client/client.go:28.71,30.2 1 0
github.com/longhorn/longhorn-spdk-engine/pkg/client/client.go:32.60,33.79 1 0
github.com/longhorn/longhorn-spdk-engine/pkg/client/client.go:33.79,35.17 2 0
github.com/longhorn/longhorn-spdk-engine/pkg/client/client.go:35.17,37.4 1 0
github.com/longhorn/longhorn-spdk-engine/pkg/client/client.go:39.3,42.9 1 0
github.com/longhorn/longhorn-spdk-engine/pkg/client/client.go:45.2,46.16 2 0
github.com/longhorn/longhorn-spdk-engine/pkg/client/client.go:46.16,48.3 1 0
github.com/longhorn/longhorn-spdk-engine/pkg/client/client.go:50.2,53.8 1 0
github.com/longhorn/longhorn-spdk-engine/pkg/client/client.go:56.144,57.50 1 0
github.com/longhorn/longhorn-spdk-engine/pkg/client/client.go:57.50,59.3 1 0
github.com/longhorn/longhorn-spdk-engine/pkg/client/client.go:61.2,73.16 5 0
github.com/longhorn/longhorn-spdk-engine/pkg/client/client.go:73.16,75.3 1 0
github.com/longhorn/longhorn-spdk-engine/pkg/client/client.go:77.2,77.45 1 0
github.com/longhorn/longhorn-spdk-engine/pkg/client/client.go:80.77,81.16 1 0
github.com/longhorn/longhorn-spdk-engine/pkg/client/client.go:81.16,83.3 1 0
github.com/longhorn/longhorn-spdk-engine/pkg/client/client.go:85.2,93.68 5 0
github.com/longhorn/longhorn-spdk-engine/pkg/client/client.go:96.68,97.16 1 0
github.com/longhorn/longhorn-spdk-engine/pkg/client/client.go:97.16,99.3 1 0
github.com/longhorn/longhorn-spdk-engine/pkg/client/client.go:101.2,108.16 5 0
github.com/longhorn/longhorn-spdk-engine/pkg/client/client.go:108.16,110.3 1 0
github.com/longhorn/longhorn-spdk-engine/pkg/client/client.go:111.2,111.45 1 0
github.com/longhorn/longhorn-spdk-engine/pkg/client/client.go:114.69,120.16 5 0
github.com/longhorn/longhorn-spdk-engine/pkg/client/client.go:120.16,122.3 1 0
github.com/longhorn/longhorn-spdk-engine/pkg/client/client.go:124.2,125.44 2 0
github.com/longhorn/longhorn-spdk-engine/pkg/client/client.go:125.44,127.3 1 0
github.com/longhorn/longhorn-spdk-engine/pkg/client/client.go:128.2,128.17 1 0
github.com/longhorn/longhorn-spdk-engine/pkg/client/client.go:131.84,134.16 3 0
github.com/longhorn/longhorn-spdk-engine/pkg/client/client.go:134.16,136.3 1 0
github.com/longhorn/longhorn-spdk-engine/pkg/client/client.go:138.2,138.42 1 0
github.com/longhorn/longhorn-spdk-engine/pkg/client/client.go:141.104,142.53 1 0
github.com/longhorn/longhorn-spdk-engine/pkg/client/client.go:142.53,144.3 1 0
github.com/longhorn/longhorn-spdk-engine/pkg/client/client.go:146.2,159.94 6 0
github.com/longhorn/longhorn-spdk-engine/pkg/client/client.go:162.77,163.38 1 0
github.com/longhorn/longhorn-spdk-engine/pkg/client/client.go:163.38,165.3 1 0
github.com/longhorn/longhorn-spdk-engine/pkg/client/client.go:167.2,175.94 5 0
github.com/longhorn/longhorn-spdk-engine/pkg/client/client.go:178.77,179.38 1 0
github.com/longhorn/longhorn-spdk-engine/pkg/client/client.go:179.38,181.3 1 0
github.com/longhorn/longhorn-spdk-engine/pkg/client/client.go:183.2,191.94 5 0
github.com/longhorn/longhorn-spdk-engine/pkg/client/client.go:194.119,195.26 1 0
github.com/longhorn/longhorn-spdk-engine/pkg/client/client.go:195.26,197.3 1 0
github.com/longhorn/longhorn-spdk-engine/pkg/client/client.go:198.2,198.60 1 0
github.com/longhorn/longhorn-spdk-engine/pkg/client/client.go:198.60,200.3 1 0
github.com/longhorn/longhorn-spdk-engine/pkg/client/client.go:202.2,211.129 5 0
github.com/longhorn/longhorn-spdk-engine/pkg/client/client.go:214.94,215.26 1 0
github.com/longhorn/longhorn-spdk-engine/pkg/client/client.go:215.26,217.3 1 0
github.com/longhorn/longhorn-spdk-engine/pkg/client/client.go:218.2,218.26 1 0
github.com/longhorn/longhorn-spdk-engine/pkg/client/client.go:218.26,220.3 1 0
github.com/longhorn/longhorn-spdk-engine/pkg/client/client.go:222.2,230.130 5 0
github.com/longhorn/longhorn-spdk-engine/pkg/client/client.go:233.120,234.26 1 0
github.com/longhorn/longhorn-spdk-engine/pkg/client/client.go:234.26,236.3 1 0
github.com/longhorn/longhorn-spdk-engine/pkg/client/client.go:237.2,237.60 1 0
github.com/longhorn/longhorn-spdk-engine/pkg/client/client.go:237.60,239.3 1 0
github.com/longhorn/longhorn-spdk-engine/pkg/client/client.go:241.2,250.130 5 0
github.com/longhorn/longhorn-spdk-engine/pkg/client/client.go:253.94,254.26 1 0
github.com/longhorn/longhorn-spdk-engine/pkg/client/client.go:254.26,256.3 1 0
github.com/longhorn/longhorn-spdk-engine/pkg/client/client.go:257.2,257.26 1 0
github.com/longhorn/longhorn-spdk-engine/pkg/client/client.go:257.26,259.3 1 0
github.com/longhorn/longhorn-spdk-engine/pkg/client/client.go:261.2,269.130 5 0
github.com/longhorn/longhorn-spdk-engine/pkg/client/client.go:272.92,273.48 1 0
github.com/longhorn/longhorn-spdk-engine/pkg/client/client.go:273.48,275.3 1 0
github.com/longhorn/longhorn-spdk-engine/pkg/client/client.go:277.2,285.114 5 0
github.com/longhorn/longhorn-spdk-engine/pkg/client/client.go:291.134,292.23 1 0
github.com/longhorn/longhorn-spdk-engine/pkg/client/client.go:292.23,294.3 1 0
github.com/longhorn/longhorn-spdk-engine/pkg/client/client.go:296.2,304.16 5 0
github.com/longhorn/longhorn-spdk-engine/pkg/client/client.go:304.16,306.3 1 0
github.com/longhorn/longhorn-spdk-engine/pkg/client/client.go:307.2,307.26 1 0
github.com/longhorn/longhorn-spdk-engine/pkg/client/client.go:310.98,311.23 1 0
github.com/longhorn/longhorn-spdk-engine/pkg/client/client.go:311.23,313.3 1 0
github.com/longhorn/longhorn-spdk-engine/pkg/client/client.go:315.2,323.85 5 0
github.com/longhorn/longhorn-spdk-engine/pkg/client/client.go:326.117,327.53 1 0
github.com/longhorn/longhorn-spdk-engine/pkg/client/client.go:327.53,329.3 1 0
github.com/longhorn/longhorn-spdk-engine/pkg/client/client.go:331.2,343.109 6 0
github.com/longhorn/longhorn-spdk-engine/pkg/client/client.go:346.90,347.38 1 0
github.com/longhorn/longhorn-spdk-engine/pkg/client/client.go:347.38,349.3 1 0
github.com/longhorn/longhorn-spdk-engine/pkg/client/client.go:351.2,359.109 5 0
github.com/longhorn/longhorn-spdk-engine/pkg/client/client.go:363.85,364.67 1 0
github.com/longhorn/longhorn-spdk-engine/pkg/client/client.go:364.67,366.3 1 0
github.com/longhorn/longhorn-spdk-engine/pkg/client/client.go:368.2,383.16 5 0
github.com/longhorn/longhorn-spdk-engine/pkg/client/client.go:383.16,385.3 1 0
github.com/longhorn/longhorn-spdk-engine/pkg/client/client.go:387.2,387.43 1 0
github.com/longhorn/longhorn-spdk-engine/pkg/client/client.go:390.54,391.16 1 0
github.com/longhorn/longhorn-spdk-engine/pkg/client/client.go:391.16,393.3 1 0
github.com/longhorn/longhorn-spdk-engine/pkg/client/client.go:395.2,402.67 5 0
github.com/longhorn/longhorn-spdk-engine/pkg/client/client.go:405.66,406.16 1 0
github.com/longhorn/longhorn-spdk-engine/pkg/client/client.go:406.16,408.3 1 0
github.com/longhorn/longhorn-spdk-engine/pkg/client/client.go:410.2,417.16 5 0
github.com/longhorn/longhorn-spdk-engine/pkg/client/client.go:417.16,419.3 1 0
github.com/longhorn/longhorn-spdk-engine/pkg/client/client.go:420.2,420.43 1 0
github.com/longhorn/longhorn-spdk-engine/pkg/client/client.go:423.55,424.16 1 0
github.com/longhorn/longhorn-spdk-engine/pkg/client/client.go:424.16,426.3 1 0
github.com/longhorn/longhorn-spdk-engine/pkg/client/client.go:428.2,435.16 5 0
github.com/longhorn/longhorn-spdk-engine/pkg/client/client.go:435.16,437.3 1 0
github.com/longhorn/longhorn-spdk-engine/pkg/client/client.go:438.2,438.12 1 0
github.com/longhorn/longhorn-spdk-engine/pkg/client/client.go:441.54,442.16 1 0
github.com/longhorn/longhorn-spdk-engine/pkg/client/client.go:442.16,444.3 1 0
github.com/longhorn/longhorn-spdk-engine/pkg/client/client.go:446.2,453.16 5 0
github.com/longhorn/longhorn-spdk-engine/pkg/client/client.go:453.16,455.3 1 0
github.com/longhorn/longhorn-spdk-engine/pkg/client/client.go:456.2,456.12 1 0
github.com/longhorn/longhorn-spdk-engine/pkg/client/client.go:459.79,460.16 1 0
github.com/longhorn/longhorn-spdk-engine/pkg/client/client.go:460.16,462.3 1 0
github.com/longhorn/longhorn-spdk-engine/pkg/client/client.go:464.2,472.16 5 0
github.com/longhorn/longhorn-spdk-engine/pkg/client/client.go:472.16,474.3 1 0
github.com/longhorn/longhorn-spdk-engine/pkg/client/client.go:475.2,475.12 1 0
github.com/longhorn/longhorn-spdk-engine/pkg/client/client.go:478.60,479.16 1 0
github.com/longhorn/longhorn-spdk-engine/pkg/client/client.go:479.16,481.3 1 0
github.com/longhorn/longhorn-spdk-engine/pkg/client/client.go:483.2,490.16 5 0
github.com/longhorn/longhorn-spdk-engine/pkg/client/client.go:490.16,492.3 1 0
github.com/longhorn/longhorn-spdk-engine/pkg/client/client.go:493.2,493.12 1 0
github.com/longhorn/longhorn-spdk-engine/pkg/client/client.go:496.67,502.16 5 0
github.com/longhorn/longhorn-spdk-engine/pkg/client/client.go:502.16,504.3 1 0
github.com/longhorn/longhorn-spdk-engine/pkg/client/client.go:506.2,507.42 2 0
github.com/longhorn/longhorn-spdk-engine/pkg/client/client.go:507.42,509.3 1 0
github.com/longhorn/longhorn-spdk-engine/pkg/client/client.go:510.2,510.17 1 0
github.com/longhorn/longhorn-spdk-engine/pkg/client/client.go:513.82,516.16 3 0
github.com/longhorn/longhorn-spdk-engine/pkg/client/client.go:516.16,518.3 1 0
github.com/longhorn/longhorn-spdk-engine/pkg/client/client.go:520.2,520.41 1 0
github.com/longhorn/longhorn-spdk-engine/pkg/client/client.go:523.86,524.16 1 0
github.com/longhorn/longhorn-spdk-engine/pkg/client/client.go:524.16,526.3 1 0
github.com/longhorn/longhorn-spdk-engine/pkg/client/client.go:528.2,536.16 5 0
github.com/longhorn/longhorn-spdk-engine/pkg/client/client.go:536.16,538.3 1 0
github.com/longhorn/longhorn-spdk-engine/pkg/client/client.go:539.2,539.31 1 0
github.com/longhorn/longhorn-spdk-engine/pkg/client/client.go:542.76,543.38 1 0
github.com/longhorn/longhorn-spdk-engine/pkg/client/client.go:543.38,545.3 1 0
github.com/longhorn/longhorn-spdk-engine/pkg/client/client.go:547.2,555.93 5 0
github.com/longhorn/longhorn-spdk-engine/pkg/client/client.go:558.76,559.38 1 0
github.com/longhorn/longhorn-spdk-engine/pkg/client/client.go:559.38,561.3 1 0
github.com/longhorn/longhorn-spdk-engine/pkg/client/client.go:563.2,571.93 5 0
github.com/longhorn/longhorn-spdk-engine/pkg/client/client.go:574.93,575.22 1 0
github.com/longhorn/longhorn-spdk-engine/pkg/client/client.go:575.22,577.3 1 0
github.com/longhorn/longhorn-spdk-engine/pkg/client/client.go:578.2,578.47 1 0
github.com/longhorn/longhorn-spdk-engine/pkg/client/client.go:578.47,580.3 1 0
github.com/longhorn/longhorn-spdk-engine/pkg/client/client.go:582.2,591.124 5 0
github.com/longhorn/longhorn-spdk-engine/pkg/client/client.go:594.103,595.22 1 0
github.com/longhorn/longhorn-spdk-engine/pkg/client/client.go:595.22,597.3 1 0
github.com/longhorn/longhorn-spdk-engine/pkg/client/client.go:599.2,605.4 4 0
github.com/longhorn/longhorn-spdk-engine/pkg/client/client.go:608.96,609.22 1 0
github.com/longhorn/longhorn-spdk-engine/pkg/client/client.go:609.22,611.3 1 0
github.com/longhorn/longhorn-spdk-engine/pkg/client/client.go:612.2,612.47 1 0
github.com/longhorn/longhorn-spdk-engine/pkg/client/client.go:612.47,614.3 1 0
github.com/longhorn/longhorn-spdk-engine/pkg/client/client.go:616.2,625.127 5 0
github.com/longhorn/longhorn-spdk-engine/pkg/client/client.go:628.106,647.2 4 0
github.com/longhorn/longhorn-spdk-engine/pkg/client/client.go:649.107,669.2 4 0
github.com/longhorn/longhorn-spdk-engine/pkg/client/client.go:671.127,681.2 4 0
github.com/longhorn/longhorn-spdk-engine/pkg/client/client.go:683.100,691.2 4 0
github.com/longhorn/longhorn-spdk-engine/pkg/client/client.go:693.75,705.16 5 0
github.com/longhorn/longhorn-spdk-engine/pkg/client/client.go:705.16,707.3 1 0
github.com/longhorn/longhorn-spdk-engine/pkg/client/client.go:709.2,709.27 1 0
github.com/longhorn/longhorn-spdk-engine/pkg/client/client.go:709.27,711.3 1 0
github.com/longhorn/longhorn-spdk-engine/pkg/client/client.go:713.2,714.54 2 0
github.com/longhorn/longhorn-spdk-engine/pkg/client/client.go:714.54,717.3 2 0
github.com/longhorn/longhorn-spdk-engine/pkg/client/client.go:719.2,719.16 1 0
github.com/longhorn/longhorn-spdk-engine/pkg/client/client.go:722.76,735.2 5 0
github.com/longhorn/longhorn-spdk-engine/pkg/client/client.go:737.73,747.2 5 0
github.com/longhorn/longhorn-spdk-engine/pkg/client/client.go:749.101,757.2 4 0
github.com/longhorn/longhorn-spdk-engine/pkg/client/client.go:759.110,767.2 4 0
github.com/longhorn/longhorn-spdk-engine/pkg/client/client.go:771.122,772.38 1 0
github.com/longhorn/longhorn-spdk-engine/pkg/client/client.go:772.38,774.3 1 0
github.com/longhorn/longhorn-spdk-engine/pkg/client/client.go:776.2,786.4 4 0
github.com/longhorn/longhorn-spdk-engine/pkg/client/client.go:789.92,790.20 1 0
github.com/longhorn/longhorn-spdk-engine/pkg/client/client.go:790.20,792.3 1 0
github.com/longhorn/longhorn-spdk-engine/pkg/client/client.go:794.2,802.4 4 0
github.com/longhorn/longhorn-spdk-engine/pkg/client/client.go:805.88,806.38 1 0
github.com/longhorn/longhorn-spdk-engine/pkg/client/client.go:806.38,808.3 1 0
github.com/longhorn/longhorn-spdk-engine/pkg/client/client.go:810.2,820.12 5 0
github.com/longhorn/longhorn-spdk-engine/pkg/client/client.go:823.54,832.2 5 0
github.com/longhorn/longhorn-spdk-engine/pkg/client/client.go:834.54,843.2 5 0
github.com/longhorn/longhorn-spdk-engine/pkg/client/client.go:845.52,851.16 5 0
github.com/longhorn/longhorn-spdk-engine/pkg/client/client.go:851.16,853.3 1 0
github.com/longhorn/longhorn-spdk-engine/pkg/client/client.go:854.2,854.24 1 0
github.com/longhorn/longhorn-spdk-engine/pkg/client/client.go:857.52,863.16 5 0
github.com/longhorn/longhorn-spdk-engine/pkg/client/client.go:863.16,865.3 1 0
github.com/longhorn/longhorn-spdk-engine/pkg/client/client.go:866.2,866.24 1 0
github.com/longhorn/longhorn-spdk-engine/pkg/spdk/backup.go:66.163,76.16 4 0
github.com/longhorn/longhorn-spdk-engine/pkg/spdk/backup.go:76.16,78.3 1 0
github.com/longhorn/longhorn-spdk-engine/pkg/spdk/backup.go:80.2,81.16 2 0
github.com/longhorn/longhorn-spdk-engine/pkg/spdk/backup.go:81.16,83.3 1 0
github.com/longhorn/longhorn-spdk-engine/pkg/spdk/backup.go:85.2,86.16 2 0
github.com/longhorn/longhorn-spdk-engine/pkg/spdk/backup.go:86.16,88.3 1 0
github.com/longhorn/longhorn-spdk-engine/pkg/spdk/backup.go:90.2,101.8 1 0
github.com/longhorn/longhorn-spdk-engine/pkg/spdk/backup.go:105.76,109.16 3 0
github.com/longhorn/longhorn-spdk-engine/pkg/spdk/backup.go:109.16,111.3 1 0
github.com/longhorn/longhorn-spdk-engine/pkg/spdk/backup.go:113.2,114.12 2 0
github.com/longhorn/longhorn-spdk-engine/pkg/spdk/backup.go:118.68,124.32 4 0
github.com/longhorn/longhorn-spdk-engine/pkg/spdk/backup.go:124.32,127.3 2 0
github.com/longhorn/longhorn-spdk-engine/pkg/spdk/backup.go:129.2,129.83 1 0
github.com/longhorn/longhorn-spdk-engine/pkg/spdk/backup.go:133.70,139.16 5 0
github.com/longhorn/longhorn-spdk-engine/pkg/spdk/backup.go:139.16,141.3 1 0
github.com/longhorn/longhorn-spdk-engine/pkg/spdk/backup.go:142.2,151.16 7 0
github.com/longhorn/longhorn-spdk-engine/pkg/spdk/backup.go:151.16,154.3 2 0
github.com/longhorn/longhorn-spdk-engine/pkg/spdk/backup.go:155.2,160.16 5 0
github.com/longhorn/longhorn-spdk-engine/pkg/spdk/backup.go:160.16,162.3 1 0
github.com/longhorn/longhorn-spdk-engine/pkg/spdk/backup.go:163.2,163.83 1 0
github.com/longhorn/longhorn-spdk-engine/pkg/spdk/backup.go:163.83,165.3 1 0
github.com/longhorn/longhorn-spdk-engine/pkg/spdk/backup.go:166.2,170.16 4 0
github.com/longhorn/longhorn-spdk-engine/pkg/spdk/backup.go:170.16,172.3 1 0
github.com/longhorn/longhorn-spdk-engine/pkg/spdk/backup.go:173.2,175.12 2 0
github.com/longhorn/longhorn-spdk-engine/pkg/spdk/backup.go:179.114,185.31 4 0
github.com/longhorn/longhorn-spdk-engine/pkg/spdk/backup.go:185.31,187.3 1 0
github.com/longhorn/longhorn-spdk-engine/pkg/spdk/backup.go:189.2,193.16 4 0
github.com/longhorn/longhorn-spdk-engine/pkg/spdk/backup.go:193.16,196.3 1 0
github.com/longhorn/longhorn-spdk-engine/pkg/spdk/backup.go:199.2,200.53 2 0
github.com/longhorn/longhorn-spdk-engine/pkg/spdk/backup.go:200.53,203.3 1 0
github.com/longhorn/longhorn-spdk-engine/pkg/spdk/backup.go:205.2,205.35 1 0
github.com/longhorn/longhorn-spdk-engine/pkg/spdk/backup.go:209.97,216.2 4 0
github.com/longhorn/longhorn-spdk-engine/pkg/spdk/backup.go:218.71,223.40 4 0
github.com/longhorn/longhorn-spdk-engine/pkg/spdk/backup.go:223.40,225.3 1 0
github.com/longhorn/longhorn-spdk-engine/pkg/spdk/backup.go:227.2,228.64 2 0
github.com/longhorn/longhorn-spdk-engine/pkg/spdk/backup.go:228.64,230.3 1 0
github.com/longhorn/longhorn-spdk-engine/pkg/spdk/backup.go:232.2,235.16 4 0
github.com/longhorn/longhorn-spdk-engine/pkg/spdk/backup.go:235.16,237.3 1 0
github.com/longhorn/longhorn-spdk-engine/pkg/spdk/backup.go:239.2,239.12 1 0
github.com/longhorn/longhorn-spdk-engine/pkg/spdk/backup.go:245.134,254.23 7 0
github.com/longhorn/longhorn-spdk-engine/pkg/spdk/backup.go:254.23,256.3 1 0
github.com/longhorn/longhorn-spdk-engine/pkg/spdk/backup.go:256.8,257.20 1 0
github.com/longhorn/longhorn-spdk-engine/pkg/spdk/backup.go:257.20,259.4 1 0
github.com/longhorn/longhorn-spdk-engine/pkg/spdk/backup.go:262.2,262.12 1 0
github.com/longhorn/longhorn-spdk-engine/pkg/spdk/backup.go:265.49,267.16 2 0
github.com/longhorn/longhorn-spdk-engine/pkg/spdk/backup.go:267.16,269.3 1 0
github.com/longhorn/longhorn-spdk-engine/pkg/spdk/backup.go:270.2,270.23 1 0
github.com/longhorn/longhorn-spdk-engine/pkg/spdk/backup.go:270.23,272.3 1 0
github.com/longhorn/longhorn-spdk-engine/pkg/spdk/backup.go:273.2,275.48 2 0
github.com/longhorn/longhorn-spdk-engine/pkg/spdk/backup.go:275.48,277.3 1 0
github.com/longhorn/longhorn-spdk-engine/pkg/spdk/backup.go:279.2,279.49 1 0
github.com/longhorn/longhorn-spdk-engine/pkg/spdk/backup.go:279.49,281.3 1 0
github.com/longhorn/longhorn-spdk-engine/pkg/spdk/backup.go:283.2,290.8 2 0
github.com/longhorn/longhorn-spdk-engine/pkg/spdk/backup.go:293.76,297.50 3 0
github.com/longhorn/longhorn-spdk-engine/pkg/spdk/backup.go:297.50,299.3 1 0
github.com/longhorn/longhorn-spdk-engine/pkg/spdk/backup.go:301.2,301.36 1 0
github.com/longhorn/longhorn-spdk-engine/pkg/spdk/backup.go:301.36,303.3 1 0
github.com/longhorn/longhorn-spdk-engine/pkg/spdk/backup.go:304.2,304.12 1 0
github.com/longhorn/longhorn-spdk-engine/pkg/spdk/backup.go:307.52,313.6 3 0
github.com/longhorn/longhorn-spdk-engine/pkg/spdk/backup.go:313.6,314.35 1 0
github.com/longhorn/longhorn-spdk-engine/pkg/spdk/backup.go:314.35,316.4 1 0
github.com/longhorn/longhorn-spdk-engine/pkg/spdk/backup.go:318.3,321.17 3 0
github.com/longhorn/longhorn-spdk-engine/pkg/spdk/backup.go:321.17,323.4 1 0
github.com/longhorn/longhorn-spdk-engine/pkg/spdk/backup.go:325.3,326.17 2 0
github.com/longhorn/longhorn-spdk-engine/pkg/spdk/backup.go:326.17,328.4 1 0
github.com/longhorn/longhorn-spdk-engine/pkg/spdk/backup.go:330.3,331.17 2 0
github.com/longhorn/longhorn-spdk-engine/pkg/spdk/backup.go:331.17,333.4 1 0
github.com/longhorn/longhorn-spdk-engine/pkg/spdk/backup.go:335.3,335.17 1 0
github.com/longhorn/longhorn-spdk-engine/pkg/spdk/backup.go:339.55,340.29 1 0
github.com/longhorn/longhorn-spdk-engine/pkg/spdk/backup.go:340.29,342.18 2 0
github.com/longhorn/longhorn-spdk-engine/pkg/spdk/backup.go:342.18,345.18 3 0
github.com/longhorn/longhorn-spdk-engine/pkg/spdk/backup.go:345.18,347.5 1 0
github.com/longhorn/longhorn-spdk-engine/pkg/spdk/backup.go:350.2,350.12 1 0
github.com/longhorn/longhorn-spdk-engine/pkg/spdk/backup.go:353.96,355.14 2 0
github.com/longhorn/longhorn-spdk-engine/pkg/spdk/backup.go:355.14,357.3 1 0
github.com/longhorn/longhorn-spdk-engine/pkg/spdk/backup.go:359.2,360.12 2 0
github.com/longhorn/longhorn-spdk-engine/pkg/spdk/backup.go:360.12,362.3 1 0
github.com/longhorn/longhorn-spdk-engine/pkg/spdk/backup.go:364.2,364.16 1 0
github.com/longhorn/longhorn-spdk-engine/pkg/spdk/backup.go:364.16,366.3 1 0
github.com/longhorn/longhorn-spdk-engine/pkg/spdk/backup.go:368.2,368.41 1 0
github.com/longhorn/longhorn-spdk-engine/pkg/spdk/backup.go:368.41,371.3 1 0
github.com/longhorn/longhorn-spdk-engine/pkg/spdk/backup.go:373.2,373.22 1 0
github.com/longhorn/longhorn-spdk-engine/pkg/spdk/backup.go:376.55,388.44 5 0
github.com/longhorn/longhorn-spdk-engine/pkg/spdk/backup.go:388.44,389.37 1 0
github.com/longhorn/longhorn-spdk-engine/pkg/spdk/backup.go:389.37,392.32 3 0
github.com/longhorn/longhorn-spdk-engine/pkg/spdk/backup.go:392.32,398.5 2 0
github.com/longhorn/longhorn-spdk-engine/pkg/spdk/backup.go:402.2,404.17 2 0
github.com/longhorn/longhorn-spdk-engine/pkg/spdk/backup.go:407.49,408.20 1 0
github.com/longhorn/longhorn-spdk-engine/pkg/spdk/backup.go:408.20,416.3 1 0
github.com/longhorn/longhorn-spdk-engine/pkg/spdk/backup.go:418.2,418.45 1 0
github.com/longhorn/longhorn-spdk-engine/pkg/spdk/backup.go:418.45,419.13 1 0
github.com/longhorn/longhorn-spdk-engine/pkg/spdk/backup.go:419.13,420.12 1 0
github.com/longhorn/longhorn-spdk-engine/pkg/spdk/backup.go:422.3,422.28 1 0
github.com/longhorn/longhorn-spdk-engine/pkg/spdk/backup.go:422.28,424.4 1 0
github.com/longhorn/longhorn-spdk-engine/pkg/spdk/backup.go:427.2,427.11 1 0
github.com/longhorn/longhorn-spdk-engine/pkg/spdk/disk.go:36.148,46.15 3 0
github.com/longhorn/longhorn-spdk-engine/pkg/spdk/disk.go:46.15,47.17 1 0
github.com/longhorn/longhorn-spdk-engine/pkg/spdk/disk.go:47.17,49.4 1 0
github.com/longhorn/longhorn-spdk-engine/pkg/spdk/disk.go:49.9,51.4 1 0
github.com/longhorn/longhorn-spdk-engine/pkg/spdk/disk.go:54.2,54.38 1 0
github.com/longhorn/longhorn-spdk-engine/pkg/spdk/disk.go:54.38,56.3 1 0
github.com/longhorn/longhorn-spdk-engine/pkg/spdk/disk.go:58.2,59.16 2 0
github.com/longhorn/longhorn-spdk-engine/pkg/spdk/disk.go:59.16,61.3 1 0
github.com/longhorn/longhorn-spdk-engine/pkg/spdk/disk.go:63.2,64.16 2 0
github.com/longhorn/longhorn-spdk-engine/pkg/spdk/disk.go:64.16,66.3 1 0
github.com/longhorn/longhorn-spdk-engine/pkg/spdk/disk.go:68.2,68.78 1 0
github.com/longhorn/longhorn-spdk-engine/pkg/spdk/disk.go:71.132,80.15 3 0
github.com/longhorn/longhorn-spdk-engine/pkg/spdk/disk.go:80.15,81.17 1 0
github.com/longhorn/longhorn-spdk-engine/pkg/spdk/disk.go:81.17,83.4 1 0
github.com/longhorn/longhorn-spdk-engine/pkg/spdk/disk.go:83.9,85.4 1 0
github.com/longhorn/longhorn-spdk-engine/pkg/spdk/disk.go:88.2,88.38 1 0
github.com/longhorn/longhorn-spdk-engine/pkg/spdk/disk.go:88.38,90.3 1 0
github.com/longhorn/longhorn-spdk-engine/pkg/spdk/disk.go:92.2,94.16 3 0
github.com/longhorn/longhorn-spdk-engine/pkg/spdk/disk.go:94.16,95.51 1 0
github.com/longhorn/longhorn-spdk-engine/pkg/spdk/disk.go:95.51,97.4 1 0
github.com/longhorn/longhorn-spdk-engine/pkg/spdk/disk.go:98.3,99.22 2 0
github.com/longhorn/longhorn-spdk-engine/pkg/spdk/disk.go:100.8,102.31 2 0
github.com/longhorn/longhorn-spdk-engine/pkg/spdk/disk.go:102.31,105.4 2 0
github.com/longhorn/longhorn-spdk-engine/pkg/spdk/disk.go:106.3,106.30 1 0
github.com/longhorn/longhorn-spdk-engine/pkg/spdk/disk.go:109.2,109.87 1 0
github.com/longhorn/longhorn-spdk-engine/pkg/spdk/disk.go:109.87,111.3 1 0
github.com/longhorn/longhorn-spdk-engine/pkg/spdk/disk.go:113.2,113.30 1 0
github.com/longhorn/longhorn-spdk-engine/pkg/spdk/disk.go:120.118,128.15 3 0
github.com/longhorn/longhorn-spdk-engine/pkg/spdk/disk.go:128.15,129.17 1 0
github.com/longhorn/longhorn-spdk-engine/pkg/spdk/disk.go:129.17,131.4 1 0
github.com/longhorn/longhorn-spdk-engine/pkg/spdk/disk.go:131.9,133.4 1 0
github.com/longhorn/longhorn-spdk-engine/pkg/spdk/disk.go:136.2,136.20 1 0
github.com/longhorn/longhorn-spdk-engine/pkg/spdk/disk.go:136.20,138.3 1 0
github.com/longhorn/longhorn-spdk-engine/pkg/spdk/disk.go:141.2,142.16 2 0
github.com/longhorn/longhorn-spdk-engine/pkg/spdk/disk.go:142.16,143.51 1 0
github.com/longhorn/longhorn-spdk-engine/pkg/spdk/disk.go:143.51,145.4 1 0
github.com/longhorn/longhorn-spdk-engine/pkg/spdk/disk.go:147.2,147.21 1 0
github.com/longhorn/longhorn-spdk-engine/pkg/spdk/disk.go:147.21,149.3 1 0
github.com/longhorn/longhorn-spdk-engine/pkg/spdk/disk.go:151.2,154.29 3 0
github.com/longhorn/longhorn-spdk-engine/pkg/spdk/disk.go:154.29,155.27 1 0
github.com/longhorn/longhorn-spdk-engine/pkg/spdk/disk.go:156.37,157.34 1 0
github.com/longhorn/longhorn-spdk-engine/pkg/spdk/disk.go:157.34,160.5 2 0
github.com/longhorn/longhorn-spdk-engine/pkg/spdk/disk.go:161.4,161.47 1 0
github.com/longhorn/longhorn-spdk-engine/pkg/spdk/disk.go:162.43,164.26 2 0
github.com/longhorn/longhorn-spdk-engine/pkg/spdk/disk.go:165.44,167.26 2 0
github.com/longhorn/longhorn-spdk-engine/pkg/spdk/disk.go:168.38,170.26 2 0
github.com/longhorn/longhorn-spdk-engine/pkg/spdk/disk.go:172.3,172.24 1 0
github.com/longhorn/longhorn-spdk-engine/pkg/spdk/disk.go:172.24,173.9 1 0
github.com/longhorn/longhorn-spdk-engine/pkg/spdk/disk.go:177.2,177.23 1 0
github.com/longhorn/longhorn-spdk-engine/pkg/spdk/disk.go:177.23,179.3 1 0
github.com/longhorn/longhorn-spdk-engine/pkg/spdk/disk.go:181.2,181.82 1 0
github.com/longhorn/longhorn-spdk-engine/pkg/spdk/disk.go:184.38,186.2 1 0
github.com/longhorn/longhorn-spdk-engine/pkg/spdk/disk.go:188.49,190.16 2 0
github.com/longhorn/longhorn-spdk-engine/pkg/spdk/disk.go:190.16,192.3 1 0
github.com/longhorn/longhorn-spdk-engine/pkg/spdk/disk.go:194.2,195.16 2 0
github.com/longhorn/longhorn-spdk-engine/pkg/spdk/disk.go:195.16,197.3 1 0
github.com/longhorn/longhorn-spdk-engine/pkg/spdk/disk.go:199.2,199.56 1 0
github.com/longhorn/longhorn-spdk-engine/pkg/spdk/disk.go:202.119,204.16 2 0
github.com/longhorn/longhorn-spdk-engine/pkg/spdk/disk.go:204.16,206.3 1 0
github.com/longhorn/longhorn-spdk-engine/pkg/spdk/disk.go:208.2,209.16 2 0
github.com/longhorn/longhorn-spdk-engine/pkg/spdk/disk.go:209.16,211.3 1 0
github.com/longhorn/longhorn-spdk-engine/pkg/spdk/disk.go:213.2,213.29 1 0
github.com/longhorn/longhorn-spdk-engine/pkg/spdk/disk.go:213.29,215.17 2 0
github.com/longhorn/longhorn-spdk-engine/pkg/spdk/disk.go:215.17,217.4 1 0
github.com/longhorn/longhorn-spdk-engine/pkg/spdk/disk.go:219.3,219.19 1 0
github.com/longhorn/longhorn-spdk-engine/pkg/spdk/disk.go:219.19,221.4 1 0
github.com/longhorn/longhorn-spdk-engine/pkg/spdk/disk.go:224.2,224.12 1 0
github.com/longhorn/longhorn-spdk-engine/pkg/spdk/disk.go:227.165,237.45 3 0
github.com/longhorn/longhorn-spdk-engine/pkg/spdk/disk.go:237.45,238.83 1 0
github.com/longhorn/longhorn-spdk-engine/pkg/spdk/disk.go:238.83,240.4 1 0
github.com/longhorn/longhorn-spdk-engine/pkg/spdk/disk.go:241.3,241.43 1 0
github.com/longhorn/longhorn-spdk-engine/pkg/spdk/disk.go:244.2,247.16 3 0
github.com/longhorn/longhorn-spdk-engine/pkg/spdk/disk.go:247.16,248.49 1 0
github.com/longhorn/longhorn-spdk-engine/pkg/spdk/disk.go:248.49,250.4 1 0
github.com/longhorn/longhorn-spdk-engine/pkg/spdk/disk.go:253.2,254.16 2 0
github.com/longhorn/longhorn-spdk-engine/pkg/spdk/disk.go:254.16,256.3 1 0
github.com/longhorn/longhorn-spdk-engine/pkg/spdk/disk.go:257.2,257.21 1 0
github.com/longhorn/longhorn-spdk-engine/pkg/spdk/disk.go:257.21,259.3 1 0
github.com/longhorn/longhorn-spdk-engine/pkg/spdk/disk.go:260.2,260.20 1 0
github.com/longhorn/longhorn-spdk-engine/pkg/spdk/disk.go:260.20,262.3 1 0
github.com/longhorn/longhorn-spdk-engine/pkg/spdk/disk.go:263.2,271.16 5 0
github.com/longhorn/longhorn-spdk-engine/pkg/spdk/disk.go:271.16,273.3 1 0
github.com/longhorn/longhorn-spdk-engine/pkg/spdk/disk.go:275.2,275.35 1 0
github.com/longhorn/longhorn-spdk-engine/pkg/spdk/disk.go:275.35,276.35 1 0
github.com/longhorn/longhorn-spdk-engine/pkg/spdk/disk.go:276.35,277.12 1 0
github.com/longhorn/longhorn-spdk-engine/pkg/spdk/disk.go:280.3,280.49 1 0
github.com/longhorn/longhorn-spdk-engine/pkg/spdk/disk.go:280.49,281.12 1 0
github.com/longhorn/longhorn-spdk-engine/pkg/spdk/disk.go:284.3,285.34 2 0
github.com/longhorn/longhorn-spdk-engine/pkg/spdk/disk.go:285.34,287.4 1 0
github.com/longhorn/longhorn-spdk-engine/pkg/spdk/disk.go:290.3,292.17 3 0
github.com/longhorn/longhorn-spdk-engine/pkg/spdk/disk.go:292.17,294.4 1 0
github.com/longhorn/longhorn-spdk-engine/pkg/spdk/disk.go:295.3,295.15 1 0
github.com/longhorn/longhorn-spdk-engine/pkg/spdk/disk.go:295.15,297.4 1 0
github.com/longhorn/longhorn-spdk-engine/pkg/spdk/disk.go:298.3,298.27 1 0
github.com/longhorn/longhorn-spdk-engine/pkg/spdk/disk.go:301.2,301.20 1 0
github.com/longhorn/longhorn-spdk-engine/pkg/spdk/disk.go:301.20,304.3 2 0
github.com/longhorn/longhorn-spdk-engine/pkg/spdk/disk.go:307.2,307.108 1 0
github.com/longhorn/longhorn-spdk-engine/pkg/spdk/disk.go:310.152,312.16 2 0
github.com/longhorn/longhorn-spdk-engine/pkg/spdk/disk.go:312.16,314.3 1 0
github.com/longhorn/longhorn-spdk-engine/pkg/spdk/disk.go:315.2,319.45 3 0
github.com/longhorn/longhorn-spdk-engine/pkg/spdk/disk.go:319.45,321.17 2 0
github.com/longhorn/longhorn-spdk-engine/pkg/spdk/disk.go:321.17,323.4 1 0
github.com/longhorn/longhorn-spdk-engine/pkg/spdk/disk.go:326.2,339.8 1 0
github.com/longhorn/longhorn-spdk-engine/pkg/spdk/engine.go:68.115,76.33 3 0
github.com/longhorn/longhorn-spdk-engine/pkg/spdk/engine.go:76.33,78.3 1 0
github.com/longhorn/longhorn-spdk-engine/pkg/spdk/engine.go:79.2,97.3 2 0
github.com/longhorn/longhorn-spdk-engine/pkg/spdk/engine.go:100.241,112.15 4 0
github.com/longhorn/longhorn-spdk-engine/pkg/spdk/engine.go:112.15,115.20 2 0
github.com/longhorn/longhorn-spdk-engine/pkg/spdk/engine.go:115.20,117.4 1 0
github.com/longhorn/longhorn-spdk-engine/pkg/spdk/engine.go:120.2,121.16 2 0
github.com/longhorn/longhorn-spdk-engine/pkg/spdk/engine.go:121.16,123.3 1 0
github.com/longhorn/longhorn-spdk-engine/pkg/spdk/engine.go:125.2,126.16 2 0
github.com/longhorn/longhorn-spdk-engine/pkg/spdk/engine.go:126.16,128.3 1 0
github.com/longhorn/longhorn-spdk-engine/pkg/spdk/engine.go:129.2,130.16 2 0
github.com/longhorn/longhorn-spdk-engine/pkg/spdk/engine.go:130.16,132.3 1 0
github.com/longhorn/longhorn-spdk-engine/pkg/spdk/engine.go:134.2,134.43 1 0
github.com/longhorn/longhorn-spdk-engine/pkg/spdk/engine.go:134.43,136.25 2 0
github.com/longhorn/longhorn-spdk-engine/pkg/spdk/engine.go:136.25,139.4 2 0
github.com/longhorn/longhorn-spdk-engine/pkg/spdk/engine.go:142.2,142.15 1 0
github.com/longhorn/longhorn-spdk-engine/pkg/spdk/engine.go:142.15,143.17 1 0
github.com/longhorn/longhorn-spdk-engine/pkg/spdk/engine.go:143.17,145.43 2 0
github.com/longhorn/longhorn-spdk-engine/pkg/spdk/engine.go:145.43,147.5 1 0
github.com/longhorn/longhorn-spdk-engine/pkg/spdk/engine.go:148.4,151.13 3 0
github.com/longhorn/longhorn-spdk-engine/pkg/spdk/engine.go:152.9,153.43 1 0
github.com/longhorn/longhorn-spdk-engine/pkg/spdk/engine.go:153.43,155.5 1 0
github.com/longhorn/longhorn-spdk-engine/pkg/spdk/engine.go:159.2,164.22 4 0
github.com/longhorn/longhorn-spdk-engine/pkg/spdk/engine.go:164.22,165.17 1 0
github.com/longhorn/longhorn-spdk-engine/pkg/spdk/engine.go:165.17,166.31 1 0
github.com/longhorn/longhorn-spdk-engine/pkg/spdk/engine.go:166.31,171.5 3 0
github.com/longhorn/longhorn-spdk-engine/pkg/spdk/engine.go:171.10,176.5 3 0
github.com/longhorn/longhorn-spdk-engine/pkg/spdk/engine.go:178.4,178.39 1 0
github.com/longhorn/longhorn-spdk-engine/pkg/spdk/engine.go:179.9,180.31 1 0
github.com/longhorn/longhorn-spdk-engine/pkg/spdk/engine.go:180.31,182.5 1 0
github.com/longhorn/longhorn-spdk-engine/pkg/spdk/engine.go:185.4,185.37 1 0
github.com/longhorn/longhorn-spdk-engine/pkg/spdk/engine.go:188.3,188.59 1 0
github.com/longhorn/longhorn-spdk-engine/pkg/spdk/engine.go:188.59,190.18 2 0
github.com/longhorn/longhorn-spdk-engine/pkg/spdk/engine.go:190.18,194.13 4 0
github.com/longhorn/longhorn-spdk-engine/pkg/spdk/engine.go:197.4,199.55 3 0
github.com/longhorn/longhorn-spdk-engine/pkg/spdk/engine.go:201.3,207.108 5 0
github.com/longhorn/longhorn-spdk-engine/pkg/spdk/engine.go:207.108,209.4 1 0
github.com/longhorn/longhorn-spdk-engine/pkg/spdk/engine.go:210.8,218.17 4 0
github.com/longhorn/longhorn-spdk-engine/pkg/spdk/engine.go:218.17,220.4 1 0
github.com/longhorn/longhorn-spdk-engine/pkg/spdk/engine.go:222.3,223.30 2 0
github.com/longhorn/longhorn-spdk-engine/pkg/spdk/engine.go:223.30,225.18 2 0
github.com/longhorn/longhorn-spdk-engine/pkg/spdk/engine.go:225.18,227.5 1 0
github.com/longhorn/longhorn-spdk-engine/pkg/spdk/engine.go:228.9,230.4 1 0
github.com/longhorn/longhorn-spdk-engine/pkg/spdk/engine.go:232.3,232.59 1 0
github.com/longhorn/longhorn-spdk-engine/pkg/spdk/engine.go:232.59,234.11 2 0
github.com/longhorn/longhorn-spdk-engine/pkg/spdk/engine.go:234.11,238.13 4 0
github.com/longhorn/longhorn-spdk-engine/pkg/spdk/engine.go:241.4,243.58 3 0
github.com/longhorn/longhorn-spdk-engine/pkg/spdk/engine.go:246.3,247.66 2 0
github.com/longhorn/longhorn-spdk-engine/pkg/spdk/engine.go:250.2,251.164 2 0
github.com/longhorn/longhorn-spdk-engine/pkg/spdk/engine.go:251.164,253.3 1 0
github.com/longhorn/longhorn-spdk-engine/pkg/spdk/engine.go:255.2,259.32 3 0
github.com/longhorn/longhorn-spdk-engine/pkg/spdk/engine.go:262.129,264.16 2 0
github.com/longhorn/longhorn-spdk-engine/pkg/spdk/engine.go:264.16,266.3 1 0
github.com/longhorn/longhorn-spdk-engine/pkg/spdk/engine.go:268.2,272.16 2 0
github.com/longhorn/longhorn-spdk-engine/pkg/spdk/engine.go:272.16,274.3 1 0
github.com/longhorn/longhorn-spdk-engine/pkg/spdk/engine.go:276.2,276.32 1 0
github.com/longhorn/longhorn-spdk-engine/pkg/spdk/engine.go:276.32,278.3 1 0
github.com/longhorn/longhorn-spdk-engine/pkg/spdk/engine.go:280.2,280.33 1 0
github.com/longhorn/longhorn-spdk-engine/pkg/spdk/engine.go:283.218,284.44 1 0
github.com/longhorn/longhorn-spdk-engine/pkg/spdk/engine.go:284.44,286.3 1 0
github.com/longhorn/longhorn-spdk-engine/pkg/spdk/engine.go:288.2,288.39 1 0
github.com/longhorn/longhorn-spdk-engine/pkg/spdk/engine.go:288.39,291.3 2 0
github.com/longhorn/longhorn-spdk-engine/pkg/spdk/engine.go:293.2,294.16 2 0
github.com/longhorn/longhorn-spdk-engine/pkg/spdk/engine.go:294.16,296.3 1 0
github.com/longhorn/longhorn-spdk-engine/pkg/spdk/engine.go:298.2,299.16 2 0
github.com/longhorn/longhorn-spdk-engine/pkg/spdk/engine.go:299.16,301.3 1 0
github.com/longhorn/longhorn-spdk-engine/pkg/spdk/engine.go:303.2,306.22 3 0
github.com/longhorn/longhorn-spdk-engine/pkg/spdk/engine.go:306.22,310.58 3 0
github.com/longhorn/longhorn-spdk-engine/pkg/spdk/engine.go:310.58,312.4 1 0
github.com/longhorn/longhorn-spdk-engine/pkg/spdk/engine.go:314.3,315.17 2 0
github.com/longhorn/longhorn-spdk-engine/pkg/spdk/engine.go:315.17,317.4 1 0
github.com/longhorn/longhorn-spdk-engine/pkg/spdk/engine.go:319.3,320.111 2 0
github.com/longhorn/longhorn-spdk-engine/pkg/spdk/engine.go:320.111,322.4 1 0
github.com/longhorn/longhorn-spdk-engine/pkg/spdk/engine.go:324.3,324.32 1 0
github.com/longhorn/longhorn-spdk-engine/pkg/spdk/engine.go:324.32,327.4 2 0
github.com/longhorn/longhorn-spdk-engine/pkg/spdk/engine.go:327.9,329.4 1 0
github.com/longhorn/longhorn-spdk-engine/pkg/spdk/engine.go:330.8,332.3 1 0
github.com/longhorn/longhorn-spdk-engine/pkg/spdk/engine.go:334.2,334.45 1 0
github.com/longhorn/longhorn-spdk-engine/pkg/spdk/engine.go:334.45,337.3 2 0
github.com/longhorn/longhorn-spdk-engine/pkg/spdk/engine.go:339.2,339.49 1 0
github.com/longhorn/longhorn-spdk-engine/pkg/spdk/engine.go:339.49,342.3 2 0
github.com/longhorn/longhorn-spdk-engine/pkg/spdk/engine.go:344.2,345.16 2 0
github.com/longhorn/longhorn-spdk-engine/pkg/spdk/engine.go:345.16,347.3 1 0
github.com/longhorn/longhorn-spdk-engine/pkg/spdk/engine.go:349.2,350.31 2 0
github.com/longhorn/longhorn-spdk-engine/pkg/spdk/engine.go:350.31,353.17 3 0
github.com/longhorn/longhorn-spdk-engine/pkg/spdk/engine.go:353.17,355.4 1 0
github.com/longhorn/longhorn-spdk-engine/pkg/spdk/engine.go:356.8,359.17 3 0
github.com/longhorn/longhorn-spdk-engine/pkg/spdk/engine.go:359.17,360.43 1 0
github.com/longhorn/longhorn-spdk-engine/pkg/spdk/engine.go:360.43,362.19 2 0
github.com/longhorn/longhorn-spdk-engine/pkg/spdk/engine.go:362.19,364.6 1 0
github.com/longhorn/longhorn-spdk-engine/pkg/spdk/engine.go:365.10,367.5 1 0
github.com/longhorn/longhorn-spdk-engine/pkg/spdk/engine.go:369.3,370.17 2 0
github.com/longhorn/longhorn-spdk-engine/pkg/spdk/engine.go:370.17,372.4 1 0
github.com/longhorn/longhorn-spdk-engine/pkg/spdk/engine.go:376.2,384.12 4 0
github.com/longhorn/longhorn-spdk-engine/pkg/spdk/engine.go:387.104,393.15 4 0
github.com/longhorn/longhorn-spdk-engine/pkg/spdk/engine.go:393.15,395.17 1 0
github.com/longhorn/longhorn-spdk-engine/pkg/spdk/engine.go:395.17,396.43 1 0
github.com/longhorn/longhorn-spdk-engine/pkg/spdk/engine.go:396.43,401.5 4 0
github.com/longhorn/longhorn-spdk-engine/pkg/spdk/engine.go:402.9,403.43 1 0
github.com/longhorn/longhorn-spdk-engine/pkg/spdk/engine.go:403.43,405.5 1 0
github.com/longhorn/longhorn-spdk-engine/pkg/spdk/engine.go:407.3,407.44 1 0
github.com/longhorn/longhorn-spdk-engine/pkg/spdk/engine.go:407.44,410.4 2 0
github.com/longhorn/longhorn-spdk-engine/pkg/spdk/engine.go:412.3,414.20 2 0
github.com/longhorn/longhorn-spdk-engine/pkg/spdk/engine.go:414.20,416.4 1 0
github.com/longhorn/longhorn-spdk-engine/pkg/spdk/engine.go:419.2,419.22 1 0
github.com/longhorn/longhorn-spdk-engine/pkg/spdk/engine.go:419.22,423.17 3 0
github.com/longhorn/longhorn-spdk-engine/pkg/spdk/engine.go:423.17,425.4 1 0
github.com/longhorn/longhorn-spdk-engine/pkg/spdk/engine.go:426.3,426.61 1 0
github.com/longhorn/longhorn-spdk-engine/pkg/spdk/engine.go:426.61,428.4 1 0
github.com/longhorn/longhorn-spdk-engine/pkg/spdk/engine.go:430.3,430.56 1 0
github.com/longhorn/longhorn-spdk-engine/pkg/spdk/engine.go:430.56,432.4 1 0
github.com/longhorn/longhorn-spdk-engine/pkg/spdk/engine.go:434.3,435.23 2 0
github.com/longhorn/longhorn-spdk-engine/pkg/spdk/engine.go:438.2,438.38 1 0
github.com/longhorn/longhorn-spdk-engine/pkg/spdk/engine.go:438.38,440.16 2 0
github.com/longhorn/longhorn-spdk-engine/pkg/spdk/engine.go:440.16,442.4 1 0
github.com/longhorn/longhorn-spdk-engine/pkg/spdk/engine.go:443.3,443.72 1 0
github.com/longhorn/longhorn-spdk-engine/pkg/spdk/engine.go:443.72,445.4 1 0
github.com/longhorn/longhorn-spdk-engine/pkg/spdk/engine.go:446.3,448.23 3 0
github.com/longhorn/longhorn-spdk-engine/pkg/spdk/engine.go:451.2,451.109 1 0
github.com/longhorn/longhorn-spdk-engine/pkg/spdk/engine.go:451.109,453.3 1 0
github.com/longhorn/longhorn-spdk-engine/pkg/spdk/engine.go:455.2,455.47 1 0
github.com/longhorn/longhorn-spdk-engine/pkg/spdk/engine.go:455.47,456.70 1 0
[...]
github.com/longhorn/longhorn-spdk-engine/pkg/client/client.go:516.16,518.3 1 0
github.com/longhorn/longhorn-spdk-engine/pkg/client/client.go:520.2,520.41 1 0
github.com/longhorn/longhorn-spdk-engine/pkg/client/client.go:523.86,524.16 1 140
github.com/longhorn/longhorn-spdk-engine/pkg/client/client.go:524.16,526.3 1 0
github.com/longhorn/longhorn-spdk-engine/pkg/client/client.go:528.2,536.16 5 140
github.com/longhorn/longhorn-spdk-engine/pkg/client/client.go:536.16,538.3 1 0
github.com/longhorn/longhorn-spdk-engine/pkg/client/client.go:539.2,539.31 1 140
github.com/longhorn/longhorn-spdk-engine/pkg/client/client.go:542.76,543.38 1 80
github.com/longhorn/longhorn-spdk-engine/pkg/client/client.go:543.38,545.3 1 0
github.com/longhorn/longhorn-spdk-engine/pkg/client/client.go:547.2,555.93 5 80
github.com/longhorn/longhorn-spdk-engine/pkg/client/client.go:558.76,559.38 1 30
github.com/longhorn/longhorn-spdk-engine/pkg/client/client.go:559.38,561.3 1 0
github.com/longhorn/longhorn-spdk-engine/pkg/client/client.go:563.2,571.93 5 30
github.com/longhorn/longhorn-spdk-engine/pkg/client/client.go:574.93,575.22 1 0
github.com/longhorn/longhorn-spdk-engine/pkg/client/client.go:575.22,577.3 1 0
github.com/longhorn/longhorn-spdk-engine/pkg/client/client.go:578.2,578.47 1 0
github.com/longhorn/longhorn-spdk-engine/pkg/client/client.go:578.47,580.3 1 0
github.com/longhorn/longhorn-spdk-engine/pkg/client/client.go:582.2,591.124 5 0
github.com/longhorn/longhorn-spdk-engine/pkg/client/client.go:594.103,595.22 1 0
github.com/longhorn/longhorn-spdk-engine/pkg/client/client.go:595.22,597.3 1 0
github.com/longhorn/longhorn-spdk-engine/pkg/client/client.go:599.2,605.4 4 0
github.com/longhorn/longhorn-spdk-engine/pkg/client/client.go:608.96,609.22 1 10
github.com/longhorn/longhorn-spdk-engine/pkg/client/client.go:609.22,611.3 1 0
github.com/longhorn/longhorn-spdk-engine/pkg/client/client.go:612.2,612.47 1 10
github.com/longhorn/longhorn-spdk-engine/pkg/client/client.go:612.47,614.3 1 0
github.com/longhorn/longhorn-spdk-engine/pkg/client/client.go:616.2,625.127 5 10
github.com/longhorn/longhorn-spdk-engine/pkg/client/client.go:628.106,647.2 4 0
github.com/longhorn/longhorn-spdk-engine/pkg/client/client.go:649.107,669.2 4 0
github.com/longhorn/longhorn-spdk-engine/pkg/client/client.go:671.127,681.2 4 0
github.com/longhorn/longhorn-spdk-engine/pkg/client/client.go:683.100,691.2 4 0
github.com/longhorn/longhorn-spdk-engine/pkg/client/client.go:693.75,705.16 5 0
github.com/longhorn/longhorn-spdk-engine/pkg/client/client.go:705.16,707.3 1 0
github.com/longhorn/longhorn-spdk-engine/pkg/client/client.go:709.2,709.27 1 0
github.com/longhorn/longhorn-spdk-engine/pkg/client/client.go:709.27,711.3 1 0
github.com/longhorn/longhorn-spdk-engine/pkg/client/client.go:713.2,714.54 2 0
github.com/longhorn/longhorn-spdk-engine/pkg/client/client.go:714.54,717.3 2 0
github.com/longhorn/longhorn-spdk-engine/pkg/client/client.go:719.2,719.16 1 0
github.com/longhorn/longhorn-spdk-engine/pkg/client/client.go:722.76,735.2 5 0
github.com/longhorn/longhorn-spdk-engine/pkg/client/client.go:737.73,747.2 5 0
github.com/longhorn/longhorn-spdk-engine/pkg/client/client.go:749.101,757.2 4 0
github.com/longhorn/longhorn-spdk-engine/pkg/client/client.go:759.110,767.2 4 0
github.com/longhorn/longhorn-spdk-engine/pkg/client/client.go:771.122,772.38 1 4
github.com/longhorn/longhorn-spdk-engine/pkg/client/client.go:772.38,774.3 1 0
github.com/longhorn/longhorn-spdk-engine/pkg/client/client.go:776.2,786.4 4 4
github.com/longhorn/longhorn-spdk-engine/pkg/client/client.go:789.92,790.20 1 0
github.com/longhorn/longhorn-spdk-engine/pkg/client/client.go:790.20,792.3 1 0
github.com/longhorn/longhorn-spdk-engine/pkg/client/client.go:794.2,802.4 4 0
github.com/longhorn/longhorn-spdk-engine/pkg/client/client.go:805.88,806.38 1 4
github.com/longhorn/longhorn-spdk-engine/pkg/client/client.go:806.38,808.3 1 0
github.com/longhorn/longhorn-spdk-engine/pkg/client/client.go:810.2,820.12 5 4
github.com/longhorn/longhorn-spdk-engine/pkg/client/client.go:823.54,832.2 5 0
github.com/longhorn/longhorn-spdk-engine/pkg/client/client.go:834.54,843.2 5 0
github.com/longhorn/longhorn-spdk-engine/pkg/client/client.go:845.52,851.16 5 0
github.com/longhorn/longhorn-spdk-engine/pkg/client/client.go:851.16,853.3 1 0
github.com/longhorn/longhorn-spdk-engine/pkg/client/client.go:854.2,854.24 1 0
github.com/longhorn/longhorn-spdk-engine/pkg/client/client.go:857.52,863.16 5 0
github.com/longhorn/longhorn-spdk-engine/pkg/client/client.go:863.16,865.3 1 0
github.com/longhorn/longhorn-spdk-engine/pkg/client/client.go:866.2,866.24 1 0
github.com/longhorn/longhorn-spdk-engine/pkg/spdk/disk/driver.go:22.13,24.2 1 1
github.com/longhorn/longhorn-spdk-engine/pkg/spdk/disk/driver.go:26.60,28.2 1 4
github.com/longhorn/longhorn-spdk-engine/pkg/spdk/disk/driver.go:30.121,32.9 2 4
github.com/longhorn/longhorn-spdk-engine/pkg/spdk/disk/driver.go:32.9,34.3 1 0
github.com/longhorn/longhorn-spdk-engine/pkg/spdk/disk/driver.go:36.2,36.69 1 4
github.com/longhorn/longhorn-spdk-engine/pkg/spdk/disk/driver.go:39.101,41.9 2 4
github.com/longhorn/longhorn-spdk-engine/pkg/spdk/disk/driver.go:41.9,43.3 1 0
github.com/longhorn/longhorn-spdk-engine/pkg/spdk/disk/driver.go:45.2,45.58 1 4
github.com/longhorn/longhorn-spdk-engine/pkg/spdk/disk/driver.go:48.130,49.22 1 8
github.com/longhorn/longhorn-spdk-engine/pkg/spdk/disk/driver.go:49.22,50.23 1 4
github.com/longhorn/longhorn-spdk-engine/pkg/spdk/disk/driver.go:50.23,52.4 1 4
github.com/longhorn/longhorn-spdk-engine/pkg/spdk/disk/driver.go:53.3,54.17 2 0
github.com/longhorn/longhorn-spdk-engine/pkg/spdk/disk/driver.go:54.17,56.4 1 0
github.com/longhorn/longhorn-spdk-engine/pkg/spdk/disk/driver.go:57.3,58.30 2 0
github.com/longhorn/longhorn-spdk-engine/pkg/spdk/disk/driver.go:58.30,59.34 1 0
github.com/longhorn/longhorn-spdk-engine/pkg/spdk/disk/driver.go:59.34,60.13 1 0
github.com/longhorn/longhorn-spdk-engine/pkg/spdk/disk/driver.go:62.4,62.39 1 0
github.com/longhorn/longhorn-spdk-engine/pkg/spdk/disk/driver.go:62.39,63.30 1 0
github.com/longhorn/longhorn-spdk-engine/pkg/spdk/disk/driver.go:63.30,65.6 1 0
github.com/longhorn/longhorn-spdk-engine/pkg/spdk/disk/driver.go:66.10,68.32 2 0
github.com/longhorn/longhorn-spdk-engine/pkg/spdk/disk/driver.go:68.32,69.37 1 0
github.com/longhorn/longhorn-spdk-engine/pkg/spdk/disk/driver.go:69.37,71.7 1 0
github.com/longhorn/longhorn-spdk-engine/pkg/spdk/disk/driver.go:75.3,75.25 1 0
github.com/longhorn/longhorn-spdk-engine/pkg/spdk/disk/driver.go:78.2,79.9 2 4
github.com/longhorn/longhorn-spdk-engine/pkg/spdk/disk/driver.go:79.9,81.3 1 0
github.com/longhorn/longhorn-spdk-engine/pkg/spdk/disk/driver.go:83.2,83.64 1 4
github.com/longhorn/longhorn-spdk-engine/pkg/spdk/disk/types.go:34.109,35.26 1 4
github.com/longhorn/longhorn-spdk-engine/pkg/spdk/disk/types.go:35.26,37.3 1 0
github.com/longhorn/longhorn-spdk-engine/pkg/spdk/disk/types.go:39.2,39.56 1 4
github.com/longhorn/longhorn-spdk-engine/pkg/spdk/disk/types.go:42.105,44.16 2 0
github.com/longhorn/longhorn-spdk-engine/pkg/spdk/disk/types.go:44.16,46.3 1 0
github.com/longhorn/longhorn-spdk-engine/pkg/spdk/disk/types.go:48.2,49.16 2 0
github.com/longhorn/longhorn-spdk-engine/pkg/spdk/disk/types.go:49.16,51.3 1 0
github.com/longhorn/longhorn-spdk-engine/pkg/spdk/disk/types.go:53.2,53.20 1 0
github.com/longhorn/longhorn-spdk-engine/pkg/spdk/disk/types.go:54.34,56.71 2 0
github.com/longhorn/longhorn-spdk-engine/pkg/spdk/disk/types.go:56.71,58.18 2 0
github.com/longhorn/longhorn-spdk-engine/pkg/spdk/disk/types.go:58.18,60.5 1 0
github.com/longhorn/longhorn-spdk-engine/pkg/spdk/disk/types.go:61.4,61.46 1 0
github.com/longhorn/longhorn-spdk-engine/pkg/spdk/disk/types.go:63.3,63.48 1 0
github.com/longhorn/longhorn-spdk-engine/pkg/spdk/disk/types.go:64.128,65.25 1 0
github.com/longhorn/longhorn-spdk-engine/pkg/spdk/disk/types.go:66.10,67.106 1 0
github.com/longhorn/longhorn-spdk-engine/pkg/spdk/disk/types.go:71.108,81.27 1 0
github.com/longhorn/longhorn-spdk-engine/pkg/spdk/disk/types.go:82.42,83.41 1 0
github.com/longhorn/longhorn-spdk-engine/pkg/spdk/disk/types.go:84.47,86.17 2 0
github.com/longhorn/longhorn-spdk-engine/pkg/spdk/disk/types.go:86.17,88.4 1 0
github.com/longhorn/longhorn-spdk-engine/pkg/spdk/disk/types.go:90.3,90.154 1 0
github.com/longhorn/longhorn-spdk-engine/pkg/spdk/disk/types.go:90.154,92.79 2 0
github.com/longhorn/longhorn-spdk-engine/pkg/spdk/disk/types.go:92.79,94.5 1 0
github.com/longhorn/longhorn-spdk-engine/pkg/spdk/disk/types.go:95.4,95.26 1 0
github.com/longhorn/longhorn-spdk-engine/pkg/spdk/disk/types.go:98.3,98.124 1 0
github.com/longhorn/longhorn-spdk-engine/pkg/spdk/disk/types.go:99.10,100.124 1 0
github.com/longhorn/longhorn-spdk-engine/pkg/spdk/disk/types.go:104.111,105.20 1 4
github.com/longhorn/longhorn-spdk-engine/pkg/spdk/disk/types.go:106.61,107.40 1 4
github.com/longhorn/longhorn-spdk-engine/pkg/spdk/disk/types.go:108.10,109.117 1 0
github.com/longhorn/longhorn-spdk-engine/pkg/spdk/disk/types.go:113.30,117.2 3 8
github.com/longhorn/longhorn-spdk-engine/pkg/spdk/disk/aio/aio.go:21.13,24.2 2 1
github.com/longhorn/longhorn-spdk-engine/pkg/spdk/disk/aio/aio.go:26.128,27.67 1 4
github.com/longhorn/longhorn-spdk-engine/pkg/spdk/disk/aio/aio.go:27.67,29.3 1 0
github.com/longhorn/longhorn-spdk-engine/pkg/spdk/disk/aio/aio.go:31.2,31.64 1 4
github.com/longhorn/longhorn-spdk-engine/pkg/spdk/disk/aio/aio.go:34.120,36.2 1 4
github.com/longhorn/longhorn-spdk-engine/pkg/spdk/disk/aio/aio.go:38.137,40.2 1 4
github.com/longhorn/longhorn-spdk-engine/pkg/spdk/disk/aio/aio.go:42.81,44.16 2 4
github.com/longhorn/longhorn-spdk-engine/pkg/spdk/disk/aio/aio.go:44.16,46.3 1 0
github.com/longhorn/longhorn-spdk-engine/pkg/spdk/disk/aio/aio.go:47.2,47.9 1 4
github.com/longhorn/longhorn-spdk-engine/pkg/spdk/disk/aio/aio.go:47.9,49.3 1 0
github.com/longhorn/longhorn-spdk-engine/pkg/spdk/disk/aio/aio.go:51.2,52.16 2 4
github.com/longhorn/longhorn-spdk-engine/pkg/spdk/disk/aio/aio.go:52.16,54.3 1 0
github.com/longhorn/longhorn-spdk-engine/pkg/spdk/disk/aio/aio.go:55.2,55.15 1 4
github.com/longhorn/longhorn-spdk-engine/pkg/spdk/disk/aio/aio.go:55.15,57.3 1 0
github.com/longhorn/longhorn-spdk-engine/pkg/spdk/disk/aio/aio.go:58.2,58.12 1 4
github.com/longhorn/longhorn-spdk-engine/pkg/spdk/disk/aio/aio.go:61.52,63.16 2 4
github.com/longhorn/longhorn-spdk-engine/pkg/spdk/disk/aio/aio.go:63.16,65.3 1 0
github.com/longhorn/longhorn-spdk-engine/pkg/spdk/disk/aio/aio.go:66.2,69.16 3 4
github.com/longhorn/longhorn-spdk-engine/pkg/spdk/disk/aio/aio.go:69.16,71.3 1 0
github.com/longhorn/longhorn-spdk-engine/pkg/spdk/disk/aio/aio.go:72.2,72.17 1 4
github.com/longhorn/longhorn-spdk-engine/pkg/spdk/disk/nvme/nvme.go:21.13,24.2 2 1
github.com/longhorn/longhorn-spdk-engine/pkg/spdk/disk/nvme/nvme.go:26.129,29.16 2 0
github.com/longhorn/longhorn-spdk-engine/pkg/spdk/disk/nvme/nvme.go:29.16,31.3 1 0
github.com/longhorn/longhorn-spdk-engine/pkg/spdk/disk/nvme/nvme.go:33.2,34.16 2 0
github.com/longhorn/longhorn-spdk-engine/pkg/spdk/disk/nvme/nvme.go:34.16,36.3 1 0
github.com/longhorn/longhorn-spdk-engine/pkg/spdk/disk/nvme/nvme.go:38.2,41.16 2 0
github.com/longhorn/longhorn-spdk-engine/pkg/spdk/disk/nvme/nvme.go:41.16,43.3 1 0
github.com/longhorn/longhorn-spdk-engine/pkg/spdk/disk/nvme/nvme.go:44.2,44.21 1 0
github.com/longhorn/longhorn-spdk-engine/pkg/spdk/disk/nvme/nvme.go:44.21,46.3 1 0
github.com/longhorn/longhorn-spdk-engine/pkg/spdk/disk/nvme/nvme.go:47.2,47.22 1 0
github.com/longhorn/longhorn-spdk-engine/pkg/spdk/disk/nvme/nvme.go:50.121,52.16 2 0
github.com/longhorn/longhorn-spdk-engine/pkg/spdk/disk/nvme/nvme.go:52.16,54.3 1 0
github.com/longhorn/longhorn-spdk-engine/pkg/spdk/disk/nvme/nvme.go:56.2,57.16 2 0
github.com/longhorn/longhorn-spdk-engine/pkg/spdk/disk/nvme/nvme.go:57.16,58.51 1 0
github.com/longhorn/longhorn-spdk-engine/pkg/spdk/disk/nvme/nvme.go:58.51,60.4 1 0
github.com/longhorn/longhorn-spdk-engine/pkg/spdk/disk/nvme/nvme.go:63.2,64.16 2 0
github.com/longhorn/longhorn-spdk-engine/pkg/spdk/disk/nvme/nvme.go:64.16,66.3 1 0
github.com/longhorn/longhorn-spdk-engine/pkg/spdk/disk/nvme/nvme.go:67.2,67.18 1 0
github.com/longhorn/longhorn-spdk-engine/pkg/spdk/disk/nvme/nvme.go:70.138,72.16 2 0
github.com/longhorn/longhorn-spdk-engine/pkg/spdk/disk/nvme/nvme.go:72.16,74.3 1 0
github.com/longhorn/longhorn-spdk-engine/pkg/spdk/disk/nvme/nvme.go:75.2,76.29 2 0
github.com/longhorn/longhorn-spdk-engine/pkg/spdk/disk/nvme/nvme.go:76.29,77.33 1 0
github.com/longhorn/longhorn-spdk-engine/pkg/spdk/disk/nvme/nvme.go:77.33,78.12 1 0
github.com/longhorn/longhorn-spdk-engine/pkg/spdk/disk/nvme/nvme.go:80.3,80.38 1 0
github.com/longhorn/longhorn-spdk-engine/pkg/spdk/disk/nvme/nvme.go:80.38,81.12 1 0
github.com/longhorn/longhorn-spdk-engine/pkg/spdk/disk/nvme/nvme.go:83.3,84.30 2 0
github.com/longhorn/longhorn-spdk-engine/pkg/spdk/disk/nvme/nvme.go:84.30,85.35 1 0
github.com/longhorn/longhorn-spdk-engine/pkg/spdk/disk/nvme/nvme.go:85.35,88.5 2 0
github.com/longhorn/longhorn-spdk-engine/pkg/spdk/disk/nvme/nvme.go:91.2,91.24 1 0
github.com/longhorn/longhorn-spdk-engine/pkg/spdk/disk/virtio-blk/virtio-blk.go:19.13,22.2 2 1
github.com/longhorn/longhorn-spdk-engine/pkg/spdk/disk/virtio-blk/virtio-blk.go:24.134,27.16 2 0
github.com/longhorn/longhorn-spdk-engine/pkg/spdk/disk/virtio-blk/virtio-blk.go:27.16,29.3 1 0
github.com/longhorn/longhorn-spdk-engine/pkg/spdk/disk/virtio-blk/virtio-blk.go:31.2,32.16 2 0
github.com/longhorn/longhorn-spdk-engine/pkg/spdk/disk/virtio-blk/virtio-blk.go:32.16,34.3 1 0
github.com/longhorn/longhorn-spdk-engine/pkg/spdk/disk/virtio-blk/virtio-blk.go:36.2,37.16 2 0
github.com/longhorn/longhorn-spdk-engine/pkg/spdk/disk/virtio-blk/virtio-blk.go:37.16,39.3 1 0
github.com/longhorn/longhorn-spdk-engine/pkg/spdk/disk/virtio-blk/virtio-blk.go:40.2,40.21 1 0
github.com/longhorn/longhorn-spdk-engine/pkg/spdk/disk/virtio-blk/virtio-blk.go:40.21,42.3 1 0
github.com/longhorn/longhorn-spdk-engine/pkg/spdk/disk/virtio-blk/virtio-blk.go:43.2,43.22 1 0
github.com/longhorn/longhorn-spdk-engine/pkg/spdk/disk/virtio-blk/virtio-blk.go:46.126,48.16 2 0
github.com/longhorn/longhorn-spdk-engine/pkg/spdk/disk/virtio-blk/virtio-blk.go:48.16,50.3 1 0
github.com/longhorn/longhorn-spdk-engine/pkg/spdk/disk/virtio-blk/virtio-blk.go:52.2,53.16 2 0
github.com/longhorn/longhorn-spdk-engine/pkg/spdk/disk/virtio-blk/virtio-blk.go:53.16,54.51 1 0
github.com/longhorn/longhorn-spdk-engine/pkg/spdk/disk/virtio-blk/virtio-blk.go:54.51,56.4 1 0
github.com/longhorn/longhorn-spdk-engine/pkg/spdk/disk/virtio-blk/virtio-blk.go:59.2,60.16 2 0
github.com/longhorn/longhorn-spdk-engine/pkg/spdk/disk/virtio-blk/virtio-blk.go:60.16,62.3 1 0
github.com/longhorn/longhorn-spdk-engine/pkg/spdk/disk/virtio-blk/virtio-blk.go:63.2,63.18 1 0
github.com/longhorn/longhorn-spdk-engine/pkg/spdk/disk/virtio-blk/virtio-blk.go:66.143,68.2 1 0
github.com/longhorn/longhorn-spdk-engine/pkg/spdk/disk/virtio-scsi/virtio-scsi.go:19.13,22.2 2 1
github.com/longhorn/longhorn-spdk-engine/pkg/spdk/disk/virtio-scsi/virtio-scsi.go:24.135,27.16 2 0
github.com/longhorn/longhorn-spdk-engine/pkg/spdk/disk/virtio-scsi/virtio-scsi.go:27.16,29.3 1 0
github.com/longhorn/longhorn-spdk-engine/pkg/spdk/disk/virtio-scsi/virtio-scsi.go:31.2,32.16 2 0
github.com/longhorn/longhorn-spdk-engine/pkg/spdk/disk/virtio-scsi/virtio-scsi.go:32.16,34.3 1 0
github.com/longhorn/longhorn-spdk-engine/pkg/spdk/disk/virtio-scsi/virtio-scsi.go:36.2,37.16 2 0
github.com/longhorn/longhorn-spdk-engine/pkg/spdk/disk/virtio-scsi/virtio-scsi.go:37.16,39.3 1 0
github.com/longhorn/longhorn-spdk-engine/pkg/spdk/disk/virtio-scsi/virtio-scsi.go:40.2,40.21 1 0
github.com/longhorn/longhorn-spdk-engine/pkg/spdk/disk/virtio-scsi/virtio-scsi.go:40.21,42.3 1 0
github.com/longhorn/longhorn-spdk-engine/pkg/spdk/disk/virtio-scsi/virtio-scsi.go:43.2,43.22 1 0
github.com/longhorn/longhorn-spdk-engine/pkg/spdk/disk/virtio-scsi/virtio-scsi.go:46.127,48.16 2 0
github.com/longhorn/longhorn-spdk-engine/pkg/spdk/disk/virtio-scsi/virtio-scsi.go:48.16,50.3 1 0
github.com/longhorn/longhorn-spdk-engine/pkg/spdk/disk/virtio-scsi/virtio-scsi.go:52.2,53.16 2 0
github.com/longhorn/longhorn-spdk-engine/pkg/spdk/disk/virtio-scsi/virtio-scsi.go:53.16,54.51 1 0
github.com/longhorn/longhorn-spdk-engine/pkg/spdk/disk/virtio-scsi/virtio-scsi.go:54.51,56.4 1 0
github.com/longhorn/longhorn-spdk-engine/pkg/spdk/disk/virtio-scsi/virtio-scsi.go:59.2,60.16 2 0
github.com/longhorn/longhorn-spdk-engine/pkg/spdk/disk/virtio-scsi/virtio-scsi.go:60.16,62.3 1 0
github.com/longhorn/longhorn-spdk-engine/pkg/spdk/disk/virtio-scsi/virtio-scsi.go:63.2,63.18 1 0
github.com/longhorn/longhorn-spdk-engine/pkg/spdk/disk/virtio-scsi/virtio-scsi.go:66.144,68.2 1 0
github.com/longhorn/longhorn-spdk-engine/pkg/types/types.go:41.66,42.14 1 448
github.com/longhorn/longhorn-spdk-engine/pkg/types/types.go:43.14,44.32 1 0
github.com/longhorn/longhorn-spdk-engine/pkg/types/types.go:45.14,46.32 1 448
github.com/longhorn/longhorn-spdk-engine/pkg/types/types.go:47.15,48.33 1 0
github.com/longhorn/longhorn-spdk-engine/pkg/types/types.go:50.2,50.32 1 0
github.com/longhorn/longhorn-spdk-engine/pkg/types/types.go:53.73,54.21 1 448
github.com/longhorn/longhorn-spdk-engine/pkg/types/types.go:55.30,56.16 1 0
github.com/longhorn/longhorn-spdk-engine/pkg/types/types.go:57.30,58.16 1 448
github.com/longhorn/longhorn-spdk-engine/pkg/types/types.go:59.31,60.17 1 0
github.com/longhorn/longhorn-spdk-engine/pkg/types/types.go:62.2,62.16 1 0
github.com/longhorn/longhorn-spdk-engine/pkg/types/types.go:65.48,67.2 1 103
github.com/longhorn/longhorn-spdk-engine/pkg/util/broadcaster/broadcaster.go:16.103,20.16 3 8
github.com/longhorn/longhorn-spdk-engine/pkg/util/broadcaster/broadcaster.go:20.16,21.42 1 8
github.com/longhorn/longhorn-spdk-engine/pkg/util/broadcaster/broadcaster.go:21.42,23.4 1 0
github.com/longhorn/longhorn-spdk-engine/pkg/util/broadcaster/broadcaster.go:26.2,27.19 2 8
github.com/longhorn/longhorn-spdk-engine/pkg/util/broadcaster/broadcaster.go:27.19,29.3 1 8
github.com/longhorn/longhorn-spdk-engine/pkg/util/broadcaster/broadcaster.go:30.2,31.12 2 8
github.com/longhorn/longhorn-spdk-engine/pkg/util/broadcaster/broadcaster.go:31.12,34.3 2 8
github.com/longhorn/longhorn-spdk-engine/pkg/util/broadcaster/broadcaster.go:36.2,36.17 1 8
github.com/longhorn/longhorn-spdk-engine/pkg/util/broadcaster/broadcaster.go:39.62,40.10 1 11
github.com/longhorn/longhorn-spdk-engine/pkg/util/broadcaster/broadcaster.go:40.10,42.3 1 11
github.com/longhorn/longhorn-spdk-engine/pkg/util/broadcaster/broadcaster.go:43.2,43.30 1 11
github.com/longhorn/longhorn-spdk-engine/pkg/util/broadcaster/broadcaster.go:43.30,46.3 2 8
github.com/longhorn/longhorn-spdk-engine/pkg/util/broadcaster/broadcaster.go:47.2,47.10 1 11
github.com/longhorn/longhorn-spdk-engine/pkg/util/broadcaster/broadcaster.go:47.10,49.3 1 11
github.com/longhorn/longhorn-spdk-engine/pkg/util/broadcaster/broadcaster.go:52.56,54.16 2 8
github.com/longhorn/longhorn-spdk-engine/pkg/util/broadcaster/broadcaster.go:54.16,56.3 1 0
github.com/longhorn/longhorn-spdk-engine/pkg/util/broadcaster/broadcaster.go:58.2,60.12 3 8
github.com/longhorn/longhorn-spdk-engine/pkg/util/broadcaster/broadcaster.go:63.54,64.26 1 8
github.com/longhorn/longhorn-spdk-engine/pkg/util/broadcaster/broadcaster.go:64.26,66.27 2 792
github.com/longhorn/longhorn-spdk-engine/pkg/util/broadcaster/broadcaster.go:66.27,67.11 1 375
github.com/longhorn/longhorn-spdk-engine/pkg/util/broadcaster/broadcaster.go:68.21,68.21 0 372
github.com/longhorn/longhorn-spdk-engine/pkg/util/broadcaster/broadcaster.go:69.12,71.26 1 3
github.com/longhorn/longhorn-spdk-engine/pkg/util/broadcaster/broadcaster.go:74.3,74.13 1 792
github.com/longhorn/longhorn-spdk-engine/pkg/util/broadcaster/broadcaster.go:77.2,78.26 2 0
github.com/longhorn/longhorn-spdk-engine/pkg/util/broadcaster/broadcaster.go:78.26,80.3 1 0
github.com/longhorn/longhorn-spdk-engine/pkg/util/broadcaster/broadcaster.go:81.2,82.12 2 0
